2024-07-01 09:48:05.390  INFO 33784 --- [main] c.n.assessment.AssessmentApplication     : Starting AssessmentApplication using Java 17.0.10 on san-wai-lwin with PID 33784 (D:\workspace\neurogine\assessment\assessment\bin\main started by DELL in D:\workspace\neurogine\assessment\assessment)
2024-07-01 09:48:05.392 DEBUG 33784 --- [main] c.n.assessment.AssessmentApplication     : Running with Spring Boot v2.7.0, Spring v5.3.20
2024-07-01 09:48:05.393  INFO 33784 --- [main] c.n.assessment.AssessmentApplication     : No active profile set, falling back to 1 default profile: "default"
2024-07-01 09:48:06.159  INFO 33784 --- [main] .s.d.r.c.RepositoryConfigurationDelegate : Bootstrapping Spring Data MongoDB repositories in DEFAULT mode.
2024-07-01 09:48:06.248  INFO 33784 --- [main] .s.d.r.c.RepositoryConfigurationDelegate : Finished Spring Data repository scanning in 82 ms. Found 1 MongoDB repository interfaces.
2024-07-01 09:48:06.321  INFO 33784 --- [main] faultConfiguringBeanFactoryPostProcessor : No bean named 'errorChannel' has been explicitly defined. Therefore, a default PublishSubscribeChannel will be created.
2024-07-01 09:48:06.335  INFO 33784 --- [main] faultConfiguringBeanFactoryPostProcessor : No bean named 'integrationHeaderChannelRegistry' has been explicitly defined. Therefore, a default DefaultHeaderChannelRegistry will be created.
2024-07-01 09:48:06.553  INFO 33784 --- [main] trationDelegate$BeanPostProcessorChecker : Bean 'org.springframework.integration.config.IntegrationManagementConfiguration' of type [org.springframework.integration.config.IntegrationManagementConfiguration] is not eligible for getting processed by all BeanPostProcessors (for example: not eligible for auto-proxying)
2024-07-01 09:48:06.562  INFO 33784 --- [main] trationDelegate$BeanPostProcessorChecker : Bean 'integrationChannelResolver' of type [org.springframework.integration.support.channel.BeanFactoryChannelResolver] is not eligible for getting processed by all BeanPostProcessors (for example: not eligible for auto-proxying)
2024-07-01 09:48:06.924  INFO 33784 --- [main] o.s.b.w.embedded.tomcat.TomcatWebServer  : Tomcat initialized with port(s): 8080 (http)
2024-07-01 09:48:06.933  INFO 33784 --- [main] o.apache.catalina.core.StandardService   : Starting service [Tomcat]
2024-07-01 09:48:06.933  INFO 33784 --- [main] org.apache.catalina.core.StandardEngine  : Starting Servlet engine: [Apache Tomcat/9.0.63]
2024-07-01 09:48:07.046  INFO 33784 --- [main] o.a.c.c.C.[Tomcat].[localhost].[/]       : Initializing Spring embedded WebApplicationContext
2024-07-01 09:48:07.046  INFO 33784 --- [main] w.s.c.ServletWebServerApplicationContext : Root WebApplicationContext: initialization completed in 1607 ms
2024-07-01 09:48:07.310  INFO 33784 --- [main] org.mongodb.driver.client                : MongoClient with metadata {"driver": {"name": "mongo-java-driver|sync|spring-boot", "version": "4.6.0"}, "os": {"type": "Windows", "name": "Windows 11", "architecture": "amd64", "version": "10.0"}, "platform": "Java/Eclipse Adoptium/17.0.10+7"} created with settings MongoClientSettings{readPreference=primary, writeConcern=WriteConcern{w=null, wTimeout=null ms, journal=null}, retryWrites=true, retryReads=true, readConcern=ReadConcern{level=null}, credential=null, streamFactoryFactory=null, commandListeners=[], codecRegistry=ProvidersCodecRegistry{codecProviders=[ValueCodecProvider{}, BsonValueCodecProvider{}, DBRefCodecProvider{}, DBObjectCodecProvider{}, DocumentCodecProvider{}, IterableCodecProvider{}, MapCodecProvider{}, GeoJsonCodecProvider{}, GridFSFileCodecProvider{}, Jsr310CodecProvider{}, JsonObjectCodecProvider{}, BsonCodecProvider{}, EnumCodecProvider{}, com.mongodb.Jep395RecordCodecProvider@778a1250]}, clusterSettings={hosts=[localhost:27017], srvServiceName=mongodb, mode=SINGLE, requiredClusterType=UNKNOWN, requiredReplicaSetName='null', serverSelector='null', clusterListeners='[]', serverSelectionTimeout='30000 ms', localThreshold='30000 ms'}, socketSettings=SocketSettings{connectTimeoutMS=10000, readTimeoutMS=0, receiveBufferSize=0, sendBufferSize=0}, heartbeatSocketSettings=SocketSettings{connectTimeoutMS=10000, readTimeoutMS=10000, receiveBufferSize=0, sendBufferSize=0}, connectionPoolSettings=ConnectionPoolSettings{maxSize=100, minSize=0, maxWaitTimeMS=120000, maxConnectionLifeTimeMS=0, maxConnectionIdleTimeMS=0, maintenanceInitialDelayMS=0, maintenanceFrequencyMS=60000, connectionPoolListeners=[], maxConnecting=2}, serverSettings=ServerSettings{heartbeatFrequencyMS=10000, minHeartbeatFrequencyMS=500, serverListeners='[]', serverMonitorListeners='[]'}, sslSettings=SslSettings{enabled=false, invalidHostNameAllowed=false, context=null}, applicationName='null', compressorList=[], uuidRepresentation=JAVA_LEGACY, serverApi=null, autoEncryptionSettings=null, contextProvider=null}
2024-07-01 09:48:07.337  INFO 33784 --- [cluster-rtt-ClusterId{value='668218e748af3677acf5b9e8', description='null'}-localhost:27017] org.mongodb.driver.connection            : Opened connection [connectionId{localValue:2, serverValue:219}] to localhost:27017
2024-07-01 09:48:07.337  INFO 33784 --- [cluster-ClusterId{value='668218e748af3677acf5b9e8', description='null'}-localhost:27017] org.mongodb.driver.connection            : Opened connection [connectionId{localValue:1, serverValue:220}] to localhost:27017
2024-07-01 09:48:07.338  INFO 33784 --- [cluster-ClusterId{value='668218e748af3677acf5b9e8', description='null'}-localhost:27017] org.mongodb.driver.cluster               : Monitor thread successfully connected to server with description ServerDescription{address=localhost:27017, type=STANDALONE, state=CONNECTED, ok=true, minWireVersion=0, maxWireVersion=21, maxDocumentSize=16777216, logicalSessionTimeoutMinutes=30, roundTripTimeNanos=35141800}
2024-07-01 09:48:08.808  INFO 33784 --- [main] o.s.i.endpoint.EventDrivenConsumer       : Adding {logging-channel-adapter:_org.springframework.integration.errorLogger} as a subscriber to the 'errorChannel' channel
2024-07-01 09:48:08.808  INFO 33784 --- [main] o.s.i.channel.PublishSubscribeChannel    : Channel 'assessment .errorChannel' has 1 subscriber(s).
2024-07-01 09:48:08.809  INFO 33784 --- [main] o.s.i.endpoint.EventDrivenConsumer       : started bean '_org.springframework.integration.errorLogger'
2024-07-01 09:48:08.809  INFO 33784 --- [main] o.s.i.endpoint.EventDrivenConsumer       : Adding {service-activator} as a subscriber to the 'inputChannel' channel
2024-07-01 09:48:08.809  INFO 33784 --- [main] o.s.integration.channel.DirectChannel    : Channel 'assessment .inputChannel' has 1 subscriber(s).
2024-07-01 09:48:08.809  INFO 33784 --- [main] o.s.i.endpoint.EventDrivenConsumer       : started bean 'integrationFlow.org.springframework.integration.config.ConsumerEndpointFactoryBean#0'; defined in: 'class path resource [com/neurogine/assessment/config/IntegrationConfig.class]'; from source: 'bean method integrationFlow'
2024-07-01 09:48:08.810  INFO 33784 --- [main] ProxyFactoryBean$MethodInvocationGateway : started bean 'storeGateway#getStoreList(StoreListRequest)'
2024-07-01 09:48:08.810  INFO 33784 --- [main] o.s.i.gateway.GatewayProxyFactoryBean    : started bean 'storeGateway'
2024-07-01 09:48:08.838  INFO 33784 --- [main] o.s.b.w.embedded.tomcat.TomcatWebServer  : Tomcat started on port(s): 8080 (http) with context path ''
2024-07-01 09:48:08.849  INFO 33784 --- [main] c.n.assessment.AssessmentApplication     : Started AssessmentApplication in 3.824 seconds (JVM running for 4.213)
2024-07-01 09:48:30.554  INFO 33784 --- [http-nio-8080-exec-1] o.a.c.c.C.[Tomcat].[localhost].[/]       : Initializing Spring DispatcherServlet 'dispatcherServlet'
2024-07-01 09:48:30.554  INFO 33784 --- [http-nio-8080-exec-1] o.s.web.servlet.DispatcherServlet        : Initializing Servlet 'dispatcherServlet'
2024-07-01 09:48:30.556  INFO 33784 --- [http-nio-8080-exec-1] o.s.web.servlet.DispatcherServlet        : Completed initialization in 2 ms
2024-07-01 09:48:31.032  INFO 33784 --- [http-nio-8080-exec-3] o.springdoc.api.AbstractOpenApiResource  : Init duration for springdoc-openapi is: 299 ms
2024-07-01 09:48:41.781  INFO 33784 --- [http-nio-8080-exec-6] c.n.a.controller.StoreController         : Received request to get store list with parameters: StoreListRequest(page=0, size=1)
2024-07-01 09:48:41.887  INFO 33784 --- [http-nio-8080-exec-6] org.mongodb.driver.connection            : Opened connection [connectionId{localValue:3, serverValue:221}] to localhost:27017
2024-07-01 09:48:41.996  INFO 33784 --- [http-nio-8080-exec-6] c.n.a.service.impl.StoreServiceImpl      : Retrieved 1 stores from page 0 with size 1
2024-07-01 09:48:41.997  INFO 33784 --- [http-nio-8080-exec-6] c.n.a.controller.StoreController         : Returned store list response with 1 stores
2024-07-01 11:44:08.330  INFO 30856 --- [main] c.n.assessment.AssessmentApplication     : Starting AssessmentApplication using Java 17.0.10 on san-wai-lwin with PID 30856 (D:\workspace\neurogine\assessment\assessment\bin\main started by DELL in D:\workspace\neurogine\assessment\assessment)
2024-07-01 11:44:08.332 DEBUG 30856 --- [main] c.n.assessment.AssessmentApplication     : Running with Spring Boot v2.7.0, Spring v5.3.20
2024-07-01 11:44:08.333  INFO 30856 --- [main] c.n.assessment.AssessmentApplication     : No active profile set, falling back to 1 default profile: "default"
2024-07-01 11:44:09.284  INFO 30856 --- [main] .s.d.r.c.RepositoryConfigurationDelegate : Bootstrapping Spring Data MongoDB repositories in DEFAULT mode.
2024-07-01 11:44:09.445  INFO 30856 --- [main] .s.d.r.c.RepositoryConfigurationDelegate : Finished Spring Data repository scanning in 154 ms. Found 1 MongoDB repository interfaces.
2024-07-01 11:44:09.562  INFO 30856 --- [main] faultConfiguringBeanFactoryPostProcessor : No bean named 'errorChannel' has been explicitly defined. Therefore, a default PublishSubscribeChannel will be created.
2024-07-01 11:44:09.581  INFO 30856 --- [main] faultConfiguringBeanFactoryPostProcessor : No bean named 'integrationHeaderChannelRegistry' has been explicitly defined. Therefore, a default DefaultHeaderChannelRegistry will be created.
2024-07-01 11:44:09.881  INFO 30856 --- [main] trationDelegate$BeanPostProcessorChecker : Bean 'org.springframework.integration.config.IntegrationManagementConfiguration' of type [org.springframework.integration.config.IntegrationManagementConfiguration] is not eligible for getting processed by all BeanPostProcessors (for example: not eligible for auto-proxying)
2024-07-01 11:44:09.891  INFO 30856 --- [main] trationDelegate$BeanPostProcessorChecker : Bean 'integrationChannelResolver' of type [org.springframework.integration.support.channel.BeanFactoryChannelResolver] is not eligible for getting processed by all BeanPostProcessors (for example: not eligible for auto-proxying)
2024-07-01 11:44:10.322  INFO 30856 --- [main] o.s.b.w.embedded.tomcat.TomcatWebServer  : Tomcat initialized with port(s): 8080 (http)
2024-07-01 11:44:10.335  INFO 30856 --- [main] o.apache.catalina.core.StandardService   : Starting service [Tomcat]
2024-07-01 11:44:10.336  INFO 30856 --- [main] org.apache.catalina.core.StandardEngine  : Starting Servlet engine: [Apache Tomcat/9.0.63]
2024-07-01 11:44:10.481  INFO 30856 --- [main] o.a.c.c.C.[Tomcat].[localhost].[/]       : Initializing Spring embedded WebApplicationContext
2024-07-01 11:44:10.481  INFO 30856 --- [main] w.s.c.ServletWebServerApplicationContext : Root WebApplicationContext: initialization completed in 2098 ms
2024-07-01 11:44:10.775  INFO 30856 --- [main] org.mongodb.driver.client                : MongoClient with metadata {"driver": {"name": "mongo-java-driver|sync|spring-boot", "version": "4.6.0"}, "os": {"type": "Windows", "name": "Windows 11", "architecture": "amd64", "version": "10.0"}, "platform": "Java/Eclipse Adoptium/17.0.10+7"} created with settings MongoClientSettings{readPreference=primary, writeConcern=WriteConcern{w=null, wTimeout=null ms, journal=null}, retryWrites=true, retryReads=true, readConcern=ReadConcern{level=null}, credential=null, streamFactoryFactory=null, commandListeners=[], codecRegistry=ProvidersCodecRegistry{codecProviders=[ValueCodecProvider{}, BsonValueCodecProvider{}, DBRefCodecProvider{}, DBObjectCodecProvider{}, DocumentCodecProvider{}, IterableCodecProvider{}, MapCodecProvider{}, GeoJsonCodecProvider{}, GridFSFileCodecProvider{}, Jsr310CodecProvider{}, JsonObjectCodecProvider{}, BsonCodecProvider{}, EnumCodecProvider{}, com.mongodb.Jep395RecordCodecProvider@778a1250]}, clusterSettings={hosts=[localhost:27017], srvServiceName=mongodb, mode=SINGLE, requiredClusterType=UNKNOWN, requiredReplicaSetName='null', serverSelector='null', clusterListeners='[]', serverSelectionTimeout='30000 ms', localThreshold='30000 ms'}, socketSettings=SocketSettings{connectTimeoutMS=10000, readTimeoutMS=0, receiveBufferSize=0, sendBufferSize=0}, heartbeatSocketSettings=SocketSettings{connectTimeoutMS=10000, readTimeoutMS=10000, receiveBufferSize=0, sendBufferSize=0}, connectionPoolSettings=ConnectionPoolSettings{maxSize=100, minSize=0, maxWaitTimeMS=120000, maxConnectionLifeTimeMS=0, maxConnectionIdleTimeMS=0, maintenanceInitialDelayMS=0, maintenanceFrequencyMS=60000, connectionPoolListeners=[], maxConnecting=2}, serverSettings=ServerSettings{heartbeatFrequencyMS=10000, minHeartbeatFrequencyMS=500, serverListeners='[]', serverMonitorListeners='[]'}, sslSettings=SslSettings{enabled=false, invalidHostNameAllowed=false, context=null}, applicationName='null', compressorList=[], uuidRepresentation=JAVA_LEGACY, serverApi=null, autoEncryptionSettings=null, contextProvider=null}
2024-07-01 11:44:10.822  INFO 30856 --- [cluster-rtt-ClusterId{value='6682341ab6c52913e80c8fdd', description='null'}-localhost:27017] org.mongodb.driver.connection            : Opened connection [connectionId{localValue:2, serverValue:223}] to localhost:27017
2024-07-01 11:44:10.830  INFO 30856 --- [cluster-ClusterId{value='6682341ab6c52913e80c8fdd', description='null'}-localhost:27017] org.mongodb.driver.connection            : Opened connection [connectionId{localValue:1, serverValue:222}] to localhost:27017
2024-07-01 11:44:10.830  INFO 30856 --- [cluster-ClusterId{value='6682341ab6c52913e80c8fdd', description='null'}-localhost:27017] org.mongodb.driver.cluster               : Monitor thread successfully connected to server with description ServerDescription{address=localhost:27017, type=STANDALONE, state=CONNECTED, ok=true, minWireVersion=0, maxWireVersion=21, maxDocumentSize=16777216, logicalSessionTimeoutMinutes=30, roundTripTimeNanos=48881000}
2024-07-01 11:44:12.439  INFO 30856 --- [main] o.s.i.endpoint.EventDrivenConsumer       : Adding {logging-channel-adapter:_org.springframework.integration.errorLogger} as a subscriber to the 'errorChannel' channel
2024-07-01 11:44:12.440  INFO 30856 --- [main] o.s.i.channel.PublishSubscribeChannel    : Channel 'assessment .errorChannel' has 1 subscriber(s).
2024-07-01 11:44:12.442  INFO 30856 --- [main] o.s.i.endpoint.EventDrivenConsumer       : started bean '_org.springframework.integration.errorLogger'
2024-07-01 11:44:12.442  INFO 30856 --- [main] o.s.i.endpoint.EventDrivenConsumer       : Adding {service-activator} as a subscriber to the 'createStoreChannel' channel
2024-07-01 11:44:12.442  INFO 30856 --- [main] o.s.integration.channel.DirectChannel    : Channel 'assessment .createStoreChannel' has 1 subscriber(s).
2024-07-01 11:44:12.442  INFO 30856 --- [main] o.s.i.endpoint.EventDrivenConsumer       : started bean 'createStoreFlow.org.springframework.integration.config.ConsumerEndpointFactoryBean#0'; defined in: 'class path resource [com/neurogine/assessment/config/IntegrationConfig.class]'; from source: 'bean method createStoreFlow'
2024-07-01 11:44:12.443  INFO 30856 --- [main] o.s.i.endpoint.EventDrivenConsumer       : Adding {service-activator} as a subscriber to the 'updateStoreChannel' channel
2024-07-01 11:44:12.443  INFO 30856 --- [main] o.s.integration.channel.DirectChannel    : Channel 'assessment .updateStoreChannel' has 1 subscriber(s).
2024-07-01 11:44:12.443  INFO 30856 --- [main] o.s.i.endpoint.EventDrivenConsumer       : started bean 'updateStoreFlow.org.springframework.integration.config.ConsumerEndpointFactoryBean#0'; defined in: 'class path resource [com/neurogine/assessment/config/IntegrationConfig.class]'; from source: 'bean method updateStoreFlow'
2024-07-01 11:44:12.443  INFO 30856 --- [main] o.s.i.endpoint.EventDrivenConsumer       : Adding {service-activator} as a subscriber to the 'deleteStoreChannel' channel
2024-07-01 11:44:12.443  INFO 30856 --- [main] o.s.integration.channel.DirectChannel    : Channel 'assessment .deleteStoreChannel' has 1 subscriber(s).
2024-07-01 11:44:12.443  INFO 30856 --- [main] o.s.i.endpoint.EventDrivenConsumer       : started bean 'deleteStoreFlow.org.springframework.integration.config.ConsumerEndpointFactoryBean#0'; defined in: 'class path resource [com/neurogine/assessment/config/IntegrationConfig.class]'; from source: 'bean method deleteStoreFlow'
2024-07-01 11:44:12.444  INFO 30856 --- [main] ProxyFactoryBean$MethodInvocationGateway : started bean 'integrationConfig$CreateStoreGateway#createStore(CreateStoreRequest)'
2024-07-01 11:44:12.444  INFO 30856 --- [main] o.s.i.gateway.GatewayProxyFactoryBean    : started bean 'integrationConfig$CreateStoreGateway'
2024-07-01 11:44:12.444  INFO 30856 --- [main] ProxyFactoryBean$MethodInvocationGateway : started bean 'integrationConfig$DeleteStoreGateway#deleteStore(DeleteStoreRequest)'
2024-07-01 11:44:12.444  INFO 30856 --- [main] o.s.i.gateway.GatewayProxyFactoryBean    : started bean 'integrationConfig$DeleteStoreGateway'
2024-07-01 11:44:12.444  INFO 30856 --- [main] ProxyFactoryBean$MethodInvocationGateway : started bean 'integrationConfig$UpdateStoreGateway#updateStore(UpdateStoreRequest)'
2024-07-01 11:44:12.444  INFO 30856 --- [main] o.s.i.gateway.GatewayProxyFactoryBean    : started bean 'integrationConfig$UpdateStoreGateway'
2024-07-01 11:44:12.444  INFO 30856 --- [main] ProxyFactoryBean$MethodInvocationGateway : started bean 'storeGateway#getStoreList(StoreListRequest)'
2024-07-01 11:44:12.444  INFO 30856 --- [main] o.s.i.gateway.GatewayProxyFactoryBean    : started bean 'storeGateway'
2024-07-01 11:44:12.470  INFO 30856 --- [main] o.s.b.w.embedded.tomcat.TomcatWebServer  : Tomcat started on port(s): 8080 (http) with context path ''
2024-07-01 11:44:12.484  INFO 30856 --- [main] c.n.assessment.AssessmentApplication     : Started AssessmentApplication in 4.642 seconds (JVM running for 5.161)
2024-07-01 12:05:19.248  INFO 30856 --- [http-nio-8080-exec-1] o.a.c.c.C.[Tomcat].[localhost].[/]       : Initializing Spring DispatcherServlet 'dispatcherServlet'
2024-07-01 12:05:19.249  INFO 30856 --- [http-nio-8080-exec-1] o.s.web.servlet.DispatcherServlet        : Initializing Servlet 'dispatcherServlet'
2024-07-01 12:05:19.252  INFO 30856 --- [http-nio-8080-exec-1] o.s.web.servlet.DispatcherServlet        : Completed initialization in 3 ms
2024-07-01 12:05:26.591  INFO 30856 --- [http-nio-8080-exec-9] o.springdoc.api.AbstractOpenApiResource  : Init duration for springdoc-openapi is: 4233 ms
2024-07-01 12:06:15.139  INFO 30856 --- [http-nio-8080-exec-10] c.n.a.controller.StoreController         : Received request to delete store with data: DeleteStoreRequest(id=6681bb474aedb41d5bfc4dc4)
2024-07-01 12:06:15.252  INFO 30856 --- [http-nio-8080-exec-10] org.mongodb.driver.connection            : Opened connection [connectionId{localValue:3, serverValue:224}] to localhost:27017
2024-07-01 12:06:15.538  INFO 30856 --- [http-nio-8080-exec-10] c.n.a.service.impl.StoreServiceImpl      : Deleted store with ID: 6681bb474aedb41d5bfc4dc4
2024-07-01 12:06:15.538  INFO 30856 --- [http-nio-8080-exec-10] c.n.a.controller.StoreController         : Store deleted successfully
2024-07-01 12:08:20.046  INFO 32076 --- [main] c.n.assessment.AssessmentApplication     : Starting AssessmentApplication using Java 17.0.10 on san-wai-lwin with PID 32076 (D:\workspace\neurogine\assessment\assessment\bin\main started by DELL in D:\workspace\neurogine\assessment\assessment)
2024-07-01 12:08:20.049 DEBUG 32076 --- [main] c.n.assessment.AssessmentApplication     : Running with Spring Boot v2.7.0, Spring v5.3.20
2024-07-01 12:08:20.050  INFO 32076 --- [main] c.n.assessment.AssessmentApplication     : No active profile set, falling back to 1 default profile: "default"
2024-07-01 12:08:20.950  INFO 32076 --- [main] .s.d.r.c.RepositoryConfigurationDelegate : Bootstrapping Spring Data MongoDB repositories in DEFAULT mode.
2024-07-01 12:08:21.074  INFO 32076 --- [main] .s.d.r.c.RepositoryConfigurationDelegate : Finished Spring Data repository scanning in 119 ms. Found 1 MongoDB repository interfaces.
2024-07-01 12:08:21.174  INFO 32076 --- [main] faultConfiguringBeanFactoryPostProcessor : No bean named 'errorChannel' has been explicitly defined. Therefore, a default PublishSubscribeChannel will be created.
2024-07-01 12:08:21.189  INFO 32076 --- [main] faultConfiguringBeanFactoryPostProcessor : No bean named 'integrationHeaderChannelRegistry' has been explicitly defined. Therefore, a default DefaultHeaderChannelRegistry will be created.
2024-07-01 12:08:21.490  INFO 32076 --- [main] trationDelegate$BeanPostProcessorChecker : Bean 'org.springframework.integration.config.IntegrationManagementConfiguration' of type [org.springframework.integration.config.IntegrationManagementConfiguration] is not eligible for getting processed by all BeanPostProcessors (for example: not eligible for auto-proxying)
2024-07-01 12:08:21.499  INFO 32076 --- [main] trationDelegate$BeanPostProcessorChecker : Bean 'integrationChannelResolver' of type [org.springframework.integration.support.channel.BeanFactoryChannelResolver] is not eligible for getting processed by all BeanPostProcessors (for example: not eligible for auto-proxying)
2024-07-01 12:08:21.876  INFO 32076 --- [main] o.s.b.w.embedded.tomcat.TomcatWebServer  : Tomcat initialized with port(s): 8080 (http)
2024-07-01 12:08:21.886  INFO 32076 --- [main] o.apache.catalina.core.StandardService   : Starting service [Tomcat]
2024-07-01 12:08:21.887  INFO 32076 --- [main] org.apache.catalina.core.StandardEngine  : Starting Servlet engine: [Apache Tomcat/9.0.63]
2024-07-01 12:08:22.030  INFO 32076 --- [main] o.a.c.c.C.[Tomcat].[localhost].[/]       : Initializing Spring embedded WebApplicationContext
2024-07-01 12:08:22.032  INFO 32076 --- [main] w.s.c.ServletWebServerApplicationContext : Root WebApplicationContext: initialization completed in 1928 ms
2024-07-01 12:08:22.296  INFO 32076 --- [main] org.mongodb.driver.client                : MongoClient with metadata {"driver": {"name": "mongo-java-driver|sync|spring-boot", "version": "4.6.0"}, "os": {"type": "Windows", "name": "Windows 11", "architecture": "amd64", "version": "10.0"}, "platform": "Java/Eclipse Adoptium/17.0.10+7"} created with settings MongoClientSettings{readPreference=primary, writeConcern=WriteConcern{w=null, wTimeout=null ms, journal=null}, retryWrites=true, retryReads=true, readConcern=ReadConcern{level=null}, credential=null, streamFactoryFactory=null, commandListeners=[], codecRegistry=ProvidersCodecRegistry{codecProviders=[ValueCodecProvider{}, BsonValueCodecProvider{}, DBRefCodecProvider{}, DBObjectCodecProvider{}, DocumentCodecProvider{}, IterableCodecProvider{}, MapCodecProvider{}, GeoJsonCodecProvider{}, GridFSFileCodecProvider{}, Jsr310CodecProvider{}, JsonObjectCodecProvider{}, BsonCodecProvider{}, EnumCodecProvider{}, com.mongodb.Jep395RecordCodecProvider@61191222]}, clusterSettings={hosts=[localhost:27017], srvServiceName=mongodb, mode=SINGLE, requiredClusterType=UNKNOWN, requiredReplicaSetName='null', serverSelector='null', clusterListeners='[]', serverSelectionTimeout='30000 ms', localThreshold='30000 ms'}, socketSettings=SocketSettings{connectTimeoutMS=10000, readTimeoutMS=0, receiveBufferSize=0, sendBufferSize=0}, heartbeatSocketSettings=SocketSettings{connectTimeoutMS=10000, readTimeoutMS=10000, receiveBufferSize=0, sendBufferSize=0}, connectionPoolSettings=ConnectionPoolSettings{maxSize=100, minSize=0, maxWaitTimeMS=120000, maxConnectionLifeTimeMS=0, maxConnectionIdleTimeMS=0, maintenanceInitialDelayMS=0, maintenanceFrequencyMS=60000, connectionPoolListeners=[], maxConnecting=2}, serverSettings=ServerSettings{heartbeatFrequencyMS=10000, minHeartbeatFrequencyMS=500, serverListeners='[]', serverMonitorListeners='[]'}, sslSettings=SslSettings{enabled=false, invalidHostNameAllowed=false, context=null}, applicationName='null', compressorList=[], uuidRepresentation=JAVA_LEGACY, serverApi=null, autoEncryptionSettings=null, contextProvider=null}
2024-07-01 12:08:22.383  INFO 32076 --- [cluster-ClusterId{value='668239c6014855019b6497d7', description='null'}-localhost:27017] org.mongodb.driver.connection            : Opened connection [connectionId{localValue:1, serverValue:226}] to localhost:27017
2024-07-01 12:08:22.383  INFO 32076 --- [cluster-rtt-ClusterId{value='668239c6014855019b6497d7', description='null'}-localhost:27017] org.mongodb.driver.connection            : Opened connection [connectionId{localValue:2, serverValue:225}] to localhost:27017
2024-07-01 12:08:22.383  INFO 32076 --- [cluster-ClusterId{value='668239c6014855019b6497d7', description='null'}-localhost:27017] org.mongodb.driver.cluster               : Monitor thread successfully connected to server with description ServerDescription{address=localhost:27017, type=STANDALONE, state=CONNECTED, ok=true, minWireVersion=0, maxWireVersion=21, maxDocumentSize=16777216, logicalSessionTimeoutMinutes=30, roundTripTimeNanos=87819900}
2024-07-01 12:08:24.181  INFO 32076 --- [main] o.s.i.endpoint.EventDrivenConsumer       : Adding {logging-channel-adapter:_org.springframework.integration.errorLogger} as a subscriber to the 'errorChannel' channel
2024-07-01 12:08:24.183  INFO 32076 --- [main] o.s.i.channel.PublishSubscribeChannel    : Channel 'assessment .errorChannel' has 1 subscriber(s).
2024-07-01 12:08:24.183  INFO 32076 --- [main] o.s.i.endpoint.EventDrivenConsumer       : started bean '_org.springframework.integration.errorLogger'
2024-07-01 12:08:24.183  INFO 32076 --- [main] o.s.i.endpoint.EventDrivenConsumer       : Adding {service-activator} as a subscriber to the 'createStoreChannel' channel
2024-07-01 12:08:24.184  INFO 32076 --- [main] o.s.integration.channel.DirectChannel    : Channel 'assessment .createStoreChannel' has 1 subscriber(s).
2024-07-01 12:08:24.184  INFO 32076 --- [main] o.s.i.endpoint.EventDrivenConsumer       : started bean 'createStoreFlow.org.springframework.integration.config.ConsumerEndpointFactoryBean#0'; defined in: 'class path resource [com/neurogine/assessment/config/IntegrationConfig.class]'; from source: 'bean method createStoreFlow'
2024-07-01 12:08:24.184  INFO 32076 --- [main] o.s.i.endpoint.EventDrivenConsumer       : Adding {service-activator} as a subscriber to the 'updateStoreChannel' channel
2024-07-01 12:08:24.184  INFO 32076 --- [main] o.s.integration.channel.DirectChannel    : Channel 'assessment .updateStoreChannel' has 1 subscriber(s).
2024-07-01 12:08:24.184  INFO 32076 --- [main] o.s.i.endpoint.EventDrivenConsumer       : started bean 'updateStoreFlow.org.springframework.integration.config.ConsumerEndpointFactoryBean#0'; defined in: 'class path resource [com/neurogine/assessment/config/IntegrationConfig.class]'; from source: 'bean method updateStoreFlow'
2024-07-01 12:08:24.184  INFO 32076 --- [main] o.s.i.endpoint.EventDrivenConsumer       : Adding {service-activator} as a subscriber to the 'deleteStoreChannel' channel
2024-07-01 12:08:24.184  INFO 32076 --- [main] o.s.integration.channel.DirectChannel    : Channel 'assessment .deleteStoreChannel' has 1 subscriber(s).
2024-07-01 12:08:24.184  INFO 32076 --- [main] o.s.i.endpoint.EventDrivenConsumer       : started bean 'deleteStoreFlow.org.springframework.integration.config.ConsumerEndpointFactoryBean#0'; defined in: 'class path resource [com/neurogine/assessment/config/IntegrationConfig.class]'; from source: 'bean method deleteStoreFlow'
2024-07-01 12:08:24.185  INFO 32076 --- [main] ProxyFactoryBean$MethodInvocationGateway : started bean 'integrationConfig$CreateStoreGateway#createStore(CreateStoreRequest)'
2024-07-01 12:08:24.185  INFO 32076 --- [main] o.s.i.gateway.GatewayProxyFactoryBean    : started bean 'integrationConfig$CreateStoreGateway'
2024-07-01 12:08:24.186  INFO 32076 --- [main] ProxyFactoryBean$MethodInvocationGateway : started bean 'integrationConfig$DeleteStoreGateway#deleteStore(DeleteStoreRequest)'
2024-07-01 12:08:24.186  INFO 32076 --- [main] o.s.i.gateway.GatewayProxyFactoryBean    : started bean 'integrationConfig$DeleteStoreGateway'
2024-07-01 12:08:24.187  INFO 32076 --- [main] ProxyFactoryBean$MethodInvocationGateway : started bean 'integrationConfig$UpdateStoreGateway#updateStore(UpdateStoreRequest)'
2024-07-01 12:08:24.187  INFO 32076 --- [main] o.s.i.gateway.GatewayProxyFactoryBean    : started bean 'integrationConfig$UpdateStoreGateway'
2024-07-01 12:08:24.188  INFO 32076 --- [main] ProxyFactoryBean$MethodInvocationGateway : started bean 'storeGateway#getStoreList(StoreListRequest)'
2024-07-01 12:08:24.190  INFO 32076 --- [main] o.s.i.gateway.GatewayProxyFactoryBean    : started bean 'storeGateway'
2024-07-01 12:08:24.226  INFO 32076 --- [main] o.s.b.w.embedded.tomcat.TomcatWebServer  : Tomcat started on port(s): 8080 (http) with context path ''
2024-07-01 12:08:24.245  INFO 32076 --- [main] c.n.assessment.AssessmentApplication     : Started AssessmentApplication in 4.578 seconds (JVM running for 5.001)
2024-07-01 12:08:33.351  INFO 32076 --- [http-nio-8080-exec-1] o.a.c.c.C.[Tomcat].[localhost].[/]       : Initializing Spring DispatcherServlet 'dispatcherServlet'
2024-07-01 12:08:33.351  INFO 32076 --- [http-nio-8080-exec-1] o.s.web.servlet.DispatcherServlet        : Initializing Servlet 'dispatcherServlet'
2024-07-01 12:08:33.352  INFO 32076 --- [http-nio-8080-exec-1] o.s.web.servlet.DispatcherServlet        : Completed initialization in 1 ms
2024-07-01 12:08:33.893  INFO 32076 --- [http-nio-8080-exec-4] o.springdoc.api.AbstractOpenApiResource  : Init duration for springdoc-openapi is: 315 ms
2024-07-01 12:08:46.039  INFO 32076 --- [http-nio-8080-exec-5] c.n.a.controller.StoreController         : Received request to create store with data: CreateStoreRequest(storeName=string, distance=0.0, estimateTimeOfArrival=0, rating=0.0, category=string, type=string, discountIsAvailable=true, discountAmount=0.0, promotion=string)
2024-07-01 12:08:46.302  INFO 32076 --- [http-nio-8080-exec-5] org.mongodb.driver.connection            : Opened connection [connectionId{localValue:3, serverValue:227}] to localhost:27017
2024-07-01 12:08:46.367  INFO 32076 --- [http-nio-8080-exec-5] c.n.a.service.impl.StoreServiceImpl      : Created new store: Store(storeName=string, distance=0.0, eta=0, rating=0.0, category=string, type=string, discount=Store.Discount(available=true, amount=0.0), promotion=string)
2024-07-01 12:08:46.382  INFO 32076 --- [http-nio-8080-exec-5] c.n.a.controller.StoreController         : Store created successfully
2024-07-01 12:09:13.149  INFO 32076 --- [http-nio-8080-exec-6] c.n.a.controller.StoreController         : Received request to delete store with data: DeleteStoreRequest(id=668239de014855019b6497d8)
2024-07-01 12:09:13.498  INFO 32076 --- [http-nio-8080-exec-6] c.n.a.service.impl.StoreServiceImpl      : Deleted store with ID: 668239de014855019b6497d8
2024-07-01 12:09:13.499  INFO 32076 --- [http-nio-8080-exec-6] c.n.a.controller.StoreController         : Store deleted successfully
2024-07-01 12:09:27.737  INFO 32076 --- [http-nio-8080-exec-7] c.n.a.controller.StoreController         : Received request to create store with data: CreateStoreRequest(storeName=string, distance=0.0, estimateTimeOfArrival=0, rating=0.0, category=string, type=string, discountIsAvailable=true, discountAmount=0.0, promotion=string)
2024-07-01 12:09:27.747  INFO 32076 --- [http-nio-8080-exec-7] c.n.a.service.impl.StoreServiceImpl      : Created new store: Store(storeName=string, distance=0.0, eta=0, rating=0.0, category=string, type=string, discount=Store.Discount(available=true, amount=0.0), promotion=string)
2024-07-01 12:09:27.747  INFO 32076 --- [http-nio-8080-exec-7] c.n.a.controller.StoreController         : Store created successfully
2024-07-01 12:09:48.819  INFO 32076 --- [http-nio-8080-exec-9] c.n.a.controller.StoreController         : Received request to get store list with parameters: StoreListRequest(page=0, size=1)
2024-07-01 12:09:48.873  INFO 32076 --- [http-nio-8080-exec-9] c.n.a.service.impl.StoreServiceImpl      : Retrieved 1 stores from page 0 with size 1
2024-07-01 12:09:48.874  INFO 32076 --- [http-nio-8080-exec-9] c.n.a.controller.StoreController         : Returned store list response with 1 stores
2024-07-01 12:10:20.803  INFO 32076 --- [http-nio-8080-exec-10] c.n.a.controller.StoreController         : Received request to update store with data: UpdateStoreRequest(id=66823a07014855019b6497d9, storeName=Food Panda, distance=10.0, estimateTimeOfArrival=10, rating=3.0, category=Food, type=string, discountIsAvailable=true, discountAmount=0.0, promotion=string)
2024-07-01 12:10:20.972  INFO 32076 --- [http-nio-8080-exec-10] c.n.a.service.impl.StoreServiceImpl      : Updated store: Store(storeName=Food Panda, distance=10.0, eta=10, rating=3.0, category=Food, type=string, discount=Store.Discount(available=true, amount=0.0), promotion=string)
2024-07-01 12:10:20.972  INFO 32076 --- [http-nio-8080-exec-10] c.n.a.controller.StoreController         : Store updated successfully
2024-07-01 12:13:01.020  INFO 32076 --- [http-nio-8080-exec-2] c.n.a.controller.StoreController         : Received request to create store with data: CreateStoreRequest(storeName=string, distance=0.0, estimateTimeOfArrival=0, rating=0.0, category=string, type=string, discountIsAvailable=true, discountAmount=0.0, promotion=string)
2024-07-01 12:13:01.026  INFO 32076 --- [http-nio-8080-exec-2] c.n.a.service.impl.StoreServiceImpl      : Created new store: Store(storeName=string, distance=0.0, eta=0, rating=0.0, category=string, type=string, discount=Store.Discount(available=true, amount=0.0), promotion=string)
2024-07-01 12:13:01.027  INFO 32076 --- [http-nio-8080-exec-2] c.n.a.controller.StoreController         : Store created successfully
2024-07-01 12:13:35.631  INFO 23960 --- [main] c.n.assessment.AssessmentApplication     : Starting AssessmentApplication using Java 17.0.10 on san-wai-lwin with PID 23960 (D:\workspace\neurogine\assessment\assessment\bin\main started by DELL in D:\workspace\neurogine\assessment\assessment)
2024-07-01 12:13:35.634 DEBUG 23960 --- [main] c.n.assessment.AssessmentApplication     : Running with Spring Boot v2.7.0, Spring v5.3.20
2024-07-01 12:13:35.635  INFO 23960 --- [main] c.n.assessment.AssessmentApplication     : No active profile set, falling back to 1 default profile: "default"
2024-07-01 12:13:36.654  INFO 23960 --- [main] .s.d.r.c.RepositoryConfigurationDelegate : Bootstrapping Spring Data MongoDB repositories in DEFAULT mode.
2024-07-01 12:13:36.792  INFO 23960 --- [main] .s.d.r.c.RepositoryConfigurationDelegate : Finished Spring Data repository scanning in 130 ms. Found 1 MongoDB repository interfaces.
2024-07-01 12:13:36.873  INFO 23960 --- [main] faultConfiguringBeanFactoryPostProcessor : No bean named 'errorChannel' has been explicitly defined. Therefore, a default PublishSubscribeChannel will be created.
2024-07-01 12:13:36.893  INFO 23960 --- [main] faultConfiguringBeanFactoryPostProcessor : No bean named 'integrationHeaderChannelRegistry' has been explicitly defined. Therefore, a default DefaultHeaderChannelRegistry will be created.
2024-07-01 12:13:37.135  INFO 23960 --- [main] trationDelegate$BeanPostProcessorChecker : Bean 'org.springframework.integration.config.IntegrationManagementConfiguration' of type [org.springframework.integration.config.IntegrationManagementConfiguration] is not eligible for getting processed by all BeanPostProcessors (for example: not eligible for auto-proxying)
2024-07-01 12:13:37.150  INFO 23960 --- [main] trationDelegate$BeanPostProcessorChecker : Bean 'integrationChannelResolver' of type [org.springframework.integration.support.channel.BeanFactoryChannelResolver] is not eligible for getting processed by all BeanPostProcessors (for example: not eligible for auto-proxying)
2024-07-01 12:13:37.560  INFO 23960 --- [main] o.s.b.w.embedded.tomcat.TomcatWebServer  : Tomcat initialized with port(s): 8080 (http)
2024-07-01 12:13:37.576  INFO 23960 --- [main] o.apache.catalina.core.StandardService   : Starting service [Tomcat]
2024-07-01 12:13:37.577  INFO 23960 --- [main] org.apache.catalina.core.StandardEngine  : Starting Servlet engine: [Apache Tomcat/9.0.63]
2024-07-01 12:13:37.739  INFO 23960 --- [main] o.a.c.c.C.[Tomcat].[localhost].[/]       : Initializing Spring embedded WebApplicationContext
2024-07-01 12:13:37.740  INFO 23960 --- [main] w.s.c.ServletWebServerApplicationContext : Root WebApplicationContext: initialization completed in 2053 ms
2024-07-01 12:13:38.021  INFO 23960 --- [main] org.mongodb.driver.client                : MongoClient with metadata {"driver": {"name": "mongo-java-driver|sync|spring-boot", "version": "4.6.0"}, "os": {"type": "Windows", "name": "Windows 11", "architecture": "amd64", "version": "10.0"}, "platform": "Java/Eclipse Adoptium/17.0.10+7"} created with settings MongoClientSettings{readPreference=primary, writeConcern=WriteConcern{w=null, wTimeout=null ms, journal=null}, retryWrites=true, retryReads=true, readConcern=ReadConcern{level=null}, credential=null, streamFactoryFactory=null, commandListeners=[], codecRegistry=ProvidersCodecRegistry{codecProviders=[ValueCodecProvider{}, BsonValueCodecProvider{}, DBRefCodecProvider{}, DBObjectCodecProvider{}, DocumentCodecProvider{}, IterableCodecProvider{}, MapCodecProvider{}, GeoJsonCodecProvider{}, GridFSFileCodecProvider{}, Jsr310CodecProvider{}, JsonObjectCodecProvider{}, BsonCodecProvider{}, EnumCodecProvider{}, com.mongodb.Jep395RecordCodecProvider@27dc627a]}, clusterSettings={hosts=[localhost:27017], srvServiceName=mongodb, mode=SINGLE, requiredClusterType=UNKNOWN, requiredReplicaSetName='null', serverSelector='null', clusterListeners='[]', serverSelectionTimeout='30000 ms', localThreshold='30000 ms'}, socketSettings=SocketSettings{connectTimeoutMS=10000, readTimeoutMS=0, receiveBufferSize=0, sendBufferSize=0}, heartbeatSocketSettings=SocketSettings{connectTimeoutMS=10000, readTimeoutMS=10000, receiveBufferSize=0, sendBufferSize=0}, connectionPoolSettings=ConnectionPoolSettings{maxSize=100, minSize=0, maxWaitTimeMS=120000, maxConnectionLifeTimeMS=0, maxConnectionIdleTimeMS=0, maintenanceInitialDelayMS=0, maintenanceFrequencyMS=60000, connectionPoolListeners=[], maxConnecting=2}, serverSettings=ServerSettings{heartbeatFrequencyMS=10000, minHeartbeatFrequencyMS=500, serverListeners='[]', serverMonitorListeners='[]'}, sslSettings=SslSettings{enabled=false, invalidHostNameAllowed=false, context=null}, applicationName='null', compressorList=[], uuidRepresentation=JAVA_LEGACY, serverApi=null, autoEncryptionSettings=null, contextProvider=null}
2024-07-01 12:13:38.058  INFO 23960 --- [cluster-rtt-ClusterId{value='66823b0124456757196bd3b9', description='null'}-localhost:27017] org.mongodb.driver.connection            : Opened connection [connectionId{localValue:2, serverValue:229}] to localhost:27017
2024-07-01 12:13:38.058  INFO 23960 --- [cluster-ClusterId{value='66823b0124456757196bd3b9', description='null'}-localhost:27017] org.mongodb.driver.connection            : Opened connection [connectionId{localValue:1, serverValue:228}] to localhost:27017
2024-07-01 12:13:38.059  INFO 23960 --- [cluster-ClusterId{value='66823b0124456757196bd3b9', description='null'}-localhost:27017] org.mongodb.driver.cluster               : Monitor thread successfully connected to server with description ServerDescription{address=localhost:27017, type=STANDALONE, state=CONNECTED, ok=true, minWireVersion=0, maxWireVersion=21, maxDocumentSize=16777216, logicalSessionTimeoutMinutes=30, roundTripTimeNanos=33764100}
2024-07-01 12:13:39.790  INFO 23960 --- [main] o.s.i.endpoint.EventDrivenConsumer       : Adding {logging-channel-adapter:_org.springframework.integration.errorLogger} as a subscriber to the 'errorChannel' channel
2024-07-01 12:13:39.790  INFO 23960 --- [main] o.s.i.channel.PublishSubscribeChannel    : Channel 'assessment .errorChannel' has 1 subscriber(s).
2024-07-01 12:13:39.791  INFO 23960 --- [main] o.s.i.endpoint.EventDrivenConsumer       : started bean '_org.springframework.integration.errorLogger'
2024-07-01 12:13:39.791  INFO 23960 --- [main] o.s.i.endpoint.EventDrivenConsumer       : Adding {service-activator} as a subscriber to the 'createStoreChannel' channel
2024-07-01 12:13:39.791  INFO 23960 --- [main] o.s.integration.channel.DirectChannel    : Channel 'assessment .createStoreChannel' has 1 subscriber(s).
2024-07-01 12:13:39.791  INFO 23960 --- [main] o.s.i.endpoint.EventDrivenConsumer       : started bean 'createStoreFlow.org.springframework.integration.config.ConsumerEndpointFactoryBean#0'; defined in: 'class path resource [com/neurogine/assessment/config/IntegrationConfig.class]'; from source: 'bean method createStoreFlow'
2024-07-01 12:13:39.792  INFO 23960 --- [main] o.s.i.endpoint.EventDrivenConsumer       : Adding {service-activator} as a subscriber to the 'updateStoreChannel' channel
2024-07-01 12:13:39.792  INFO 23960 --- [main] o.s.integration.channel.DirectChannel    : Channel 'assessment .updateStoreChannel' has 1 subscriber(s).
2024-07-01 12:13:39.792  INFO 23960 --- [main] o.s.i.endpoint.EventDrivenConsumer       : started bean 'updateStoreFlow.org.springframework.integration.config.ConsumerEndpointFactoryBean#0'; defined in: 'class path resource [com/neurogine/assessment/config/IntegrationConfig.class]'; from source: 'bean method updateStoreFlow'
2024-07-01 12:13:39.792  INFO 23960 --- [main] o.s.i.endpoint.EventDrivenConsumer       : Adding {service-activator} as a subscriber to the 'deleteStoreChannel' channel
2024-07-01 12:13:39.792  INFO 23960 --- [main] o.s.integration.channel.DirectChannel    : Channel 'assessment .deleteStoreChannel' has 1 subscriber(s).
2024-07-01 12:13:39.792  INFO 23960 --- [main] o.s.i.endpoint.EventDrivenConsumer       : started bean 'deleteStoreFlow.org.springframework.integration.config.ConsumerEndpointFactoryBean#0'; defined in: 'class path resource [com/neurogine/assessment/config/IntegrationConfig.class]'; from source: 'bean method deleteStoreFlow'
2024-07-01 12:13:39.793  INFO 23960 --- [main] ProxyFactoryBean$MethodInvocationGateway : started bean 'integrationConfig$CreateStoreGateway#createStore(CreateStoreRequest)'
2024-07-01 12:13:39.794  INFO 23960 --- [main] o.s.i.gateway.GatewayProxyFactoryBean    : started bean 'integrationConfig$CreateStoreGateway'
2024-07-01 12:13:39.794  INFO 23960 --- [main] ProxyFactoryBean$MethodInvocationGateway : started bean 'integrationConfig$DeleteStoreGateway#deleteStore(DeleteStoreRequest)'
2024-07-01 12:13:39.794  INFO 23960 --- [main] o.s.i.gateway.GatewayProxyFactoryBean    : started bean 'integrationConfig$DeleteStoreGateway'
2024-07-01 12:13:39.795  INFO 23960 --- [main] ProxyFactoryBean$MethodInvocationGateway : started bean 'integrationConfig$UpdateStoreGateway#updateStore(UpdateStoreRequest)'
2024-07-01 12:13:39.795  INFO 23960 --- [main] o.s.i.gateway.GatewayProxyFactoryBean    : started bean 'integrationConfig$UpdateStoreGateway'
2024-07-01 12:13:39.795  INFO 23960 --- [main] ProxyFactoryBean$MethodInvocationGateway : started bean 'storeGateway#getStoreList(StoreListRequest)'
2024-07-01 12:13:39.795  INFO 23960 --- [main] o.s.i.gateway.GatewayProxyFactoryBean    : started bean 'storeGateway'
2024-07-01 12:13:39.826  INFO 23960 --- [main] o.s.b.w.embedded.tomcat.TomcatWebServer  : Tomcat started on port(s): 8080 (http) with context path ''
2024-07-01 12:13:39.836  INFO 23960 --- [main] c.n.assessment.AssessmentApplication     : Started AssessmentApplication in 4.691 seconds (JVM running for 5.182)
2024-07-01 12:14:53.290  INFO 23960 --- [http-nio-8080-exec-2] o.a.c.c.C.[Tomcat].[localhost].[/]       : Initializing Spring DispatcherServlet 'dispatcherServlet'
2024-07-01 12:14:53.290  INFO 23960 --- [http-nio-8080-exec-2] o.s.web.servlet.DispatcherServlet        : Initializing Servlet 'dispatcherServlet'
2024-07-01 12:14:53.293  INFO 23960 --- [http-nio-8080-exec-2] o.s.web.servlet.DispatcherServlet        : Completed initialization in 2 ms
2024-07-01 12:14:57.497  INFO 23960 --- [http-nio-8080-exec-4] o.springdoc.api.AbstractOpenApiResource  : Init duration for springdoc-openapi is: 3017 ms
2024-07-01 12:15:16.332  INFO 23960 --- [http-nio-8080-exec-5] c.n.a.controller.StoreController         : Received request to delete store with data: DeleteStoreRequest(id=66823add014855019b6497da)
2024-07-01 12:15:16.490  INFO 23960 --- [http-nio-8080-exec-5] org.mongodb.driver.connection            : Opened connection [connectionId{localValue:3, serverValue:230}] to localhost:27017
2024-07-01 12:15:16.647  INFO 23960 --- [http-nio-8080-exec-5] c.n.a.service.impl.StoreServiceImpl      : Deleted store with ID: 66823add014855019b6497da
2024-07-01 12:15:16.647  INFO 23960 --- [http-nio-8080-exec-5] c.n.a.controller.StoreController         : Store deleted successfully
2024-07-01 12:19:01.287  INFO 23960 --- [http-nio-8080-exec-7] c.n.a.controller.StoreController         : Received request to update store with data: UpdateStoreRequest(id=66823a07014855019b6497d9, storeName=Food Panda, distance=10.0, estimateTimeOfArrival=14, rating=3.0, category=string, type=string, discountIsAvailable=true, discountAmount=10.0, promotion=string)
2024-07-01 12:19:01.335  INFO 23960 --- [http-nio-8080-exec-7] c.n.a.service.impl.StoreServiceImpl      : Updated store: Store(storeName=Food Panda, distance=10.0, eta=14, rating=3.0, category=string, type=string, discount=Store.Discount(available=true, amount=10.0), promotion=string)
2024-07-01 12:19:01.351  INFO 23960 --- [http-nio-8080-exec-7] c.n.a.controller.StoreController         : Store updated successfully
2024-07-01 12:28:22.810  INFO 34648 --- [main] c.n.assessment.AssessmentApplication     : Starting AssessmentApplication using Java 17.0.10 on san-wai-lwin with PID 34648 (D:\workspace\neurogine\assessment\assessment\bin\main started by DELL in D:\workspace\neurogine\assessment\assessment)
2024-07-01 12:28:22.812 DEBUG 34648 --- [main] c.n.assessment.AssessmentApplication     : Running with Spring Boot v2.7.0, Spring v5.3.20
2024-07-01 12:28:22.812  INFO 34648 --- [main] c.n.assessment.AssessmentApplication     : No active profile set, falling back to 1 default profile: "default"
2024-07-01 12:28:23.884  INFO 34648 --- [main] .s.d.r.c.RepositoryConfigurationDelegate : Bootstrapping Spring Data MongoDB repositories in DEFAULT mode.
2024-07-01 12:28:24.030  INFO 34648 --- [main] .s.d.r.c.RepositoryConfigurationDelegate : Finished Spring Data repository scanning in 135 ms. Found 1 MongoDB repository interfaces.
2024-07-01 12:28:24.196  INFO 34648 --- [main] faultConfiguringBeanFactoryPostProcessor : No bean named 'errorChannel' has been explicitly defined. Therefore, a default PublishSubscribeChannel will be created.
2024-07-01 12:28:24.214  INFO 34648 --- [main] faultConfiguringBeanFactoryPostProcessor : No bean named 'integrationHeaderChannelRegistry' has been explicitly defined. Therefore, a default DefaultHeaderChannelRegistry will be created.
2024-07-01 12:28:24.448  INFO 34648 --- [main] trationDelegate$BeanPostProcessorChecker : Bean 'org.springframework.integration.config.IntegrationManagementConfiguration' of type [org.springframework.integration.config.IntegrationManagementConfiguration] is not eligible for getting processed by all BeanPostProcessors (for example: not eligible for auto-proxying)
2024-07-01 12:28:24.464  INFO 34648 --- [main] trationDelegate$BeanPostProcessorChecker : Bean 'integrationChannelResolver' of type [org.springframework.integration.support.channel.BeanFactoryChannelResolver] is not eligible for getting processed by all BeanPostProcessors (for example: not eligible for auto-proxying)
2024-07-01 12:28:24.854  INFO 34648 --- [main] o.s.b.w.embedded.tomcat.TomcatWebServer  : Tomcat initialized with port(s): 8080 (http)
2024-07-01 12:28:24.866  INFO 34648 --- [main] o.apache.catalina.core.StandardService   : Starting service [Tomcat]
2024-07-01 12:28:24.867  INFO 34648 --- [main] org.apache.catalina.core.StandardEngine  : Starting Servlet engine: [Apache Tomcat/9.0.63]
2024-07-01 12:28:24.995  INFO 34648 --- [main] o.a.c.c.C.[Tomcat].[localhost].[/]       : Initializing Spring embedded WebApplicationContext
2024-07-01 12:28:24.996  INFO 34648 --- [main] w.s.c.ServletWebServerApplicationContext : Root WebApplicationContext: initialization completed in 2135 ms
2024-07-01 12:28:25.283  INFO 34648 --- [main] org.mongodb.driver.client                : MongoClient with metadata {"driver": {"name": "mongo-java-driver|sync|spring-boot", "version": "4.6.0"}, "os": {"type": "Windows", "name": "Windows 11", "architecture": "amd64", "version": "10.0"}, "platform": "Java/Eclipse Adoptium/17.0.10+7"} created with settings MongoClientSettings{readPreference=primary, writeConcern=WriteConcern{w=null, wTimeout=null ms, journal=null}, retryWrites=true, retryReads=true, readConcern=ReadConcern{level=null}, credential=null, streamFactoryFactory=null, commandListeners=[], codecRegistry=ProvidersCodecRegistry{codecProviders=[ValueCodecProvider{}, BsonValueCodecProvider{}, DBRefCodecProvider{}, DBObjectCodecProvider{}, DocumentCodecProvider{}, IterableCodecProvider{}, MapCodecProvider{}, GeoJsonCodecProvider{}, GridFSFileCodecProvider{}, Jsr310CodecProvider{}, JsonObjectCodecProvider{}, BsonCodecProvider{}, EnumCodecProvider{}, com.mongodb.Jep395RecordCodecProvider@322204dc]}, clusterSettings={hosts=[localhost:27017], srvServiceName=mongodb, mode=SINGLE, requiredClusterType=UNKNOWN, requiredReplicaSetName='null', serverSelector='null', clusterListeners='[]', serverSelectionTimeout='30000 ms', localThreshold='30000 ms'}, socketSettings=SocketSettings{connectTimeoutMS=10000, readTimeoutMS=0, receiveBufferSize=0, sendBufferSize=0}, heartbeatSocketSettings=SocketSettings{connectTimeoutMS=10000, readTimeoutMS=10000, receiveBufferSize=0, sendBufferSize=0}, connectionPoolSettings=ConnectionPoolSettings{maxSize=100, minSize=0, maxWaitTimeMS=120000, maxConnectionLifeTimeMS=0, maxConnectionIdleTimeMS=0, maintenanceInitialDelayMS=0, maintenanceFrequencyMS=60000, connectionPoolListeners=[], maxConnecting=2}, serverSettings=ServerSettings{heartbeatFrequencyMS=10000, minHeartbeatFrequencyMS=500, serverListeners='[]', serverMonitorListeners='[]'}, sslSettings=SslSettings{enabled=false, invalidHostNameAllowed=false, context=null}, applicationName='null', compressorList=[], uuidRepresentation=JAVA_LEGACY, serverApi=null, autoEncryptionSettings=null, contextProvider=null}
2024-07-01 12:28:25.347  INFO 34648 --- [cluster-rtt-ClusterId{value='66823e79ea206f4aab581fd5', description='null'}-localhost:27017] org.mongodb.driver.connection            : Opened connection [connectionId{localValue:1, serverValue:232}] to localhost:27017
2024-07-01 12:28:25.332  INFO 34648 --- [cluster-ClusterId{value='66823e79ea206f4aab581fd5', description='null'}-localhost:27017] org.mongodb.driver.connection            : Opened connection [connectionId{localValue:2, serverValue:231}] to localhost:27017
2024-07-01 12:28:25.349  INFO 34648 --- [cluster-ClusterId{value='66823e79ea206f4aab581fd5', description='null'}-localhost:27017] org.mongodb.driver.cluster               : Monitor thread successfully connected to server with description ServerDescription{address=localhost:27017, type=STANDALONE, state=CONNECTED, ok=true, minWireVersion=0, maxWireVersion=21, maxDocumentSize=16777216, logicalSessionTimeoutMinutes=30, roundTripTimeNanos=41642100}
2024-07-01 12:28:25.908  WARN 34648 --- [main] ConfigServletWebServerApplicationContext : Exception encountered during context initialization - cancelling refresh attempt: org.springframework.beans.factory.BeanCreationException: Error creating bean with name 'listStoreChannel' defined in class path resource [com/neurogine/assessment/config/IntegrationConfig.class]: Initialization of bean failed; nested exception is org.springframework.beans.factory.BeanCreationException: Error creating bean with name 'listStoreChannel.org.springframework.integration.config.ConsumerEndpointFactoryBean#0' defined in class path resource [com/neurogine/assessment/config/IntegrationConfig.class]: Invocation of init method failed; nested exception is org.springframework.messaging.core.DestinationResolutionException: A bean definition with name 'listStoreChannel' exists, but failed to be created; nested exception is org.springframework.beans.factory.BeanCurrentlyInCreationException: Error creating bean with name 'listStoreChannel': Requested bean is currently in creation: Is there an unresolvable circular reference?
2024-07-01 12:28:25.919  INFO 34648 --- [main] o.apache.catalina.core.StandardService   : Stopping service [Tomcat]
2024-07-01 12:28:25.942  INFO 34648 --- [main] ConditionEvaluationReportLoggingListener : 

Error starting ApplicationContext. To display the conditions report re-run your application with 'debug' enabled.
2024-07-01 12:28:25.980 ERROR 34648 --- [main] o.s.b.d.LoggingFailureAnalysisReporter   : 

***************************
APPLICATION FAILED TO START
***************************

Description:

The dependencies of some of the beans in the application context form a cycle:


|  listStoreChannel defined in class path resource [com/neurogine/assessment/config/IntegrationConfig.class]
     
|  listStoreChannel.org.springframework.integration.config.ConsumerEndpointFactoryBean#0 defined in class path resource [com/neurogine/assessment/config/IntegrationConfig.class]



Action:

Relying upon circular references is discouraged and they are prohibited by default. Update your application to remove the dependency cycle between beans. As a last resort, it may be possible to break the cycle automatically by setting spring.main.allow-circular-references to true.

2024-07-01 12:40:25.215  INFO 13644 --- [main] c.n.assessment.AssessmentApplication     : Starting AssessmentApplication using Java 17.0.10 on san-wai-lwin with PID 13644 (D:\workspace\neurogine\assessment\assessment\bin\main started by DELL in D:\workspace\neurogine\assessment\assessment)
2024-07-01 12:40:25.218 DEBUG 13644 --- [main] c.n.assessment.AssessmentApplication     : Running with Spring Boot v2.7.0, Spring v5.3.20
2024-07-01 12:40:25.219  INFO 13644 --- [main] c.n.assessment.AssessmentApplication     : No active profile set, falling back to 1 default profile: "default"
2024-07-01 12:40:26.274  INFO 13644 --- [main] .s.d.r.c.RepositoryConfigurationDelegate : Bootstrapping Spring Data MongoDB repositories in DEFAULT mode.
2024-07-01 12:40:26.399  INFO 13644 --- [main] .s.d.r.c.RepositoryConfigurationDelegate : Finished Spring Data repository scanning in 121 ms. Found 1 MongoDB repository interfaces.
2024-07-01 12:40:26.563  INFO 13644 --- [main] faultConfiguringBeanFactoryPostProcessor : No bean named 'errorChannel' has been explicitly defined. Therefore, a default PublishSubscribeChannel will be created.
2024-07-01 12:40:26.580  INFO 13644 --- [main] faultConfiguringBeanFactoryPostProcessor : No bean named 'integrationHeaderChannelRegistry' has been explicitly defined. Therefore, a default DefaultHeaderChannelRegistry will be created.
2024-07-01 12:40:27.116  INFO 13644 --- [main] trationDelegate$BeanPostProcessorChecker : Bean 'org.springframework.integration.config.IntegrationManagementConfiguration' of type [org.springframework.integration.config.IntegrationManagementConfiguration] is not eligible for getting processed by all BeanPostProcessors (for example: not eligible for auto-proxying)
2024-07-01 12:40:27.161  INFO 13644 --- [main] trationDelegate$BeanPostProcessorChecker : Bean 'integrationChannelResolver' of type [org.springframework.integration.support.channel.BeanFactoryChannelResolver] is not eligible for getting processed by all BeanPostProcessors (for example: not eligible for auto-proxying)
2024-07-01 12:40:27.728  INFO 13644 --- [main] o.s.b.w.embedded.tomcat.TomcatWebServer  : Tomcat initialized with port(s): 8080 (http)
2024-07-01 12:40:27.748  INFO 13644 --- [main] o.apache.catalina.core.StandardService   : Starting service [Tomcat]
2024-07-01 12:40:27.749  INFO 13644 --- [main] org.apache.catalina.core.StandardEngine  : Starting Servlet engine: [Apache Tomcat/9.0.63]
2024-07-01 12:40:27.913  INFO 13644 --- [main] o.a.c.c.C.[Tomcat].[localhost].[/]       : Initializing Spring embedded WebApplicationContext
2024-07-01 12:40:27.914  INFO 13644 --- [main] w.s.c.ServletWebServerApplicationContext : Root WebApplicationContext: initialization completed in 2649 ms
2024-07-01 12:40:28.306  INFO 13644 --- [main] org.mongodb.driver.client                : MongoClient with metadata {"driver": {"name": "mongo-java-driver|sync|spring-boot", "version": "4.6.0"}, "os": {"type": "Windows", "name": "Windows 11", "architecture": "amd64", "version": "10.0"}, "platform": "Java/Eclipse Adoptium/17.0.10+7"} created with settings MongoClientSettings{readPreference=primary, writeConcern=WriteConcern{w=null, wTimeout=null ms, journal=null}, retryWrites=true, retryReads=true, readConcern=ReadConcern{level=null}, credential=null, streamFactoryFactory=null, commandListeners=[], codecRegistry=ProvidersCodecRegistry{codecProviders=[ValueCodecProvider{}, BsonValueCodecProvider{}, DBRefCodecProvider{}, DBObjectCodecProvider{}, DocumentCodecProvider{}, IterableCodecProvider{}, MapCodecProvider{}, GeoJsonCodecProvider{}, GridFSFileCodecProvider{}, Jsr310CodecProvider{}, JsonObjectCodecProvider{}, BsonCodecProvider{}, EnumCodecProvider{}, com.mongodb.Jep395RecordCodecProvider@69796bd0]}, clusterSettings={hosts=[localhost:27017], srvServiceName=mongodb, mode=SINGLE, requiredClusterType=UNKNOWN, requiredReplicaSetName='null', serverSelector='null', clusterListeners='[]', serverSelectionTimeout='30000 ms', localThreshold='30000 ms'}, socketSettings=SocketSettings{connectTimeoutMS=10000, readTimeoutMS=0, receiveBufferSize=0, sendBufferSize=0}, heartbeatSocketSettings=SocketSettings{connectTimeoutMS=10000, readTimeoutMS=10000, receiveBufferSize=0, sendBufferSize=0}, connectionPoolSettings=ConnectionPoolSettings{maxSize=100, minSize=0, maxWaitTimeMS=120000, maxConnectionLifeTimeMS=0, maxConnectionIdleTimeMS=0, maintenanceInitialDelayMS=0, maintenanceFrequencyMS=60000, connectionPoolListeners=[], maxConnecting=2}, serverSettings=ServerSettings{heartbeatFrequencyMS=10000, minHeartbeatFrequencyMS=500, serverListeners='[]', serverMonitorListeners='[]'}, sslSettings=SslSettings{enabled=false, invalidHostNameAllowed=false, context=null}, applicationName='null', compressorList=[], uuidRepresentation=JAVA_LEGACY, serverApi=null, autoEncryptionSettings=null, contextProvider=null}
2024-07-01 12:40:28.340  INFO 13644 --- [cluster-ClusterId{value='6682414c9896976b31dee7e8', description='null'}-localhost:27017] org.mongodb.driver.connection            : Opened connection [connectionId{localValue:1, serverValue:233}] to localhost:27017
2024-07-01 12:40:28.340  INFO 13644 --- [cluster-ClusterId{value='6682414c9896976b31dee7e8', description='null'}-localhost:27017] org.mongodb.driver.cluster               : Monitor thread successfully connected to server with description ServerDescription{address=localhost:27017, type=STANDALONE, state=CONNECTED, ok=true, minWireVersion=0, maxWireVersion=21, maxDocumentSize=16777216, logicalSessionTimeoutMinutes=30, roundTripTimeNanos=37720900}
2024-07-01 12:40:28.340  INFO 13644 --- [cluster-rtt-ClusterId{value='6682414c9896976b31dee7e8', description='null'}-localhost:27017] org.mongodb.driver.connection            : Opened connection [connectionId{localValue:2, serverValue:234}] to localhost:27017
2024-07-01 12:40:30.917  INFO 13644 --- [main] o.s.i.endpoint.EventDrivenConsumer       : Adding {logging-channel-adapter:_org.springframework.integration.errorLogger} as a subscriber to the 'errorChannel' channel
2024-07-01 12:40:30.918  INFO 13644 --- [main] o.s.i.channel.PublishSubscribeChannel    : Channel 'assessment .errorChannel' has 1 subscriber(s).
2024-07-01 12:40:30.920  INFO 13644 --- [main] o.s.i.endpoint.EventDrivenConsumer       : started bean '_org.springframework.integration.errorLogger'
2024-07-01 12:40:30.920  INFO 13644 --- [main] o.s.i.endpoint.EventDrivenConsumer       : Adding {service-activator} as a subscriber to the 'createStoreChannel' channel
2024-07-01 12:40:30.920  INFO 13644 --- [main] o.s.integration.channel.DirectChannel    : Channel 'assessment .createStoreChannel' has 1 subscriber(s).
2024-07-01 12:40:30.920  INFO 13644 --- [main] o.s.i.endpoint.EventDrivenConsumer       : started bean 'createStoreFlow.org.springframework.integration.config.ConsumerEndpointFactoryBean#0'; defined in: 'class path resource [com/neurogine/assessment/config/IntegrationConfig.class]'; from source: 'bean method createStoreFlow'
2024-07-01 12:40:30.921  INFO 13644 --- [main] o.s.i.endpoint.EventDrivenConsumer       : Adding {service-activator} as a subscriber to the 'updateStoreChannel' channel
2024-07-01 12:40:30.921  INFO 13644 --- [main] o.s.integration.channel.DirectChannel    : Channel 'assessment .updateStoreChannel' has 1 subscriber(s).
2024-07-01 12:40:30.921  INFO 13644 --- [main] o.s.i.endpoint.EventDrivenConsumer       : started bean 'updateStoreFlow.org.springframework.integration.config.ConsumerEndpointFactoryBean#0'; defined in: 'class path resource [com/neurogine/assessment/config/IntegrationConfig.class]'; from source: 'bean method updateStoreFlow'
2024-07-01 12:40:30.921  INFO 13644 --- [main] o.s.i.endpoint.EventDrivenConsumer       : Adding {service-activator} as a subscriber to the 'deleteStoreChannel' channel
2024-07-01 12:40:30.921  INFO 13644 --- [main] o.s.integration.channel.DirectChannel    : Channel 'assessment .deleteStoreChannel' has 1 subscriber(s).
2024-07-01 12:40:30.921  INFO 13644 --- [main] o.s.i.endpoint.EventDrivenConsumer       : started bean 'deleteStoreFlow.org.springframework.integration.config.ConsumerEndpointFactoryBean#0'; defined in: 'class path resource [com/neurogine/assessment/config/IntegrationConfig.class]'; from source: 'bean method deleteStoreFlow'
2024-07-01 12:40:30.921  INFO 13644 --- [main] ProxyFactoryBean$MethodInvocationGateway : started bean 'integrationConfig$CreateStoreGateway#createStore(CreateStoreRequest)'
2024-07-01 12:40:30.922  INFO 13644 --- [main] o.s.i.gateway.GatewayProxyFactoryBean    : started bean 'integrationConfig$CreateStoreGateway'
2024-07-01 12:40:30.922  INFO 13644 --- [main] ProxyFactoryBean$MethodInvocationGateway : started bean 'integrationConfig$DeleteStoreGateway#deleteStore(DeleteStoreRequest)'
2024-07-01 12:40:30.922  INFO 13644 --- [main] o.s.i.gateway.GatewayProxyFactoryBean    : started bean 'integrationConfig$DeleteStoreGateway'
2024-07-01 12:40:30.923  INFO 13644 --- [main] ProxyFactoryBean$MethodInvocationGateway : started bean 'integrationConfig$UpdateStoreGateway#updateStore(UpdateStoreRequest)'
2024-07-01 12:40:30.923  INFO 13644 --- [main] o.s.i.gateway.GatewayProxyFactoryBean    : started bean 'integrationConfig$UpdateStoreGateway'
2024-07-01 12:40:30.923  INFO 13644 --- [main] ProxyFactoryBean$MethodInvocationGateway : started bean 'storeGateway#getStoreList(StoreListRequest)'
2024-07-01 12:40:30.924  INFO 13644 --- [main] o.s.i.gateway.GatewayProxyFactoryBean    : started bean 'storeGateway'
2024-07-01 12:40:30.956  INFO 13644 --- [main] o.s.b.w.embedded.tomcat.TomcatWebServer  : Tomcat started on port(s): 8080 (http) with context path ''
2024-07-01 12:40:30.971  INFO 13644 --- [main] c.n.assessment.AssessmentApplication     : Started AssessmentApplication in 6.344 seconds (JVM running for 6.845)
2024-07-01 12:40:34.447  INFO 13644 --- [http-nio-8080-exec-1] o.a.c.c.C.[Tomcat].[localhost].[/]       : Initializing Spring DispatcherServlet 'dispatcherServlet'
2024-07-01 12:40:34.447  INFO 13644 --- [http-nio-8080-exec-1] o.s.web.servlet.DispatcherServlet        : Initializing Servlet 'dispatcherServlet'
2024-07-01 12:40:34.449  INFO 13644 --- [http-nio-8080-exec-1] o.s.web.servlet.DispatcherServlet        : Completed initialization in 1 ms
2024-07-01 12:40:35.079  INFO 13644 --- [http-nio-8080-exec-4] o.springdoc.api.AbstractOpenApiResource  : Init duration for springdoc-openapi is: 364 ms
2024-07-01 12:40:46.643  INFO 13644 --- [http-nio-8080-exec-5] c.n.assessment.aspect.LoggingAspect      : Entering method: StoreController.createStore(..) with arguments: [CreateStoreRequest(storeName=string, distance=0.0, estimateTimeOfArrival=0, rating=0.0, category=string, type=string, discountIsAvailable=true, discountAmount=0.0, promotion=string)]
2024-07-01 12:40:47.785  INFO 13644 --- [http-nio-8080-exec-5] org.mongodb.driver.connection            : Opened connection [connectionId{localValue:3, serverValue:235}] to localhost:27017
2024-07-01 12:40:47.836  INFO 13644 --- [http-nio-8080-exec-5] c.n.a.service.impl.StoreServiceImpl      : Created new store: Store(storeName=string, distance=0.0, eta=0, rating=0.0, category=string, type=string, discount=Store.Discount(available=true, amount=0.0), promotion=string)
2024-07-01 12:40:47.854  INFO 13644 --- [http-nio-8080-exec-5] c.n.assessment.aspect.LoggingAspect      : Exiting method: StoreController.createStore(..) with result: <201 CREATED Created,Store created successfully,[]>
2024-07-01 12:42:38.933  INFO 13644 --- [http-nio-8080-exec-8] c.n.assessment.aspect.LoggingAspect      : Entering method: StoreController.deleteStore(..) with arguments: [DeleteStoreRequest(id=66823a07014855019b6497d)]
2024-07-01 12:42:38.965 ERROR 13644 --- [http-nio-8080-exec-8] c.n.assessment.aspect.LoggingAspect      : Exception in method: StoreController.deleteStore(..) with cause: Store not found with ID: 66823a07014855019b6497d
2024-07-01 12:49:30.789  INFO 33408 --- [main] c.n.assessment.AssessmentApplication     : Starting AssessmentApplication using Java 17.0.10 on san-wai-lwin with PID 33408 (D:\workspace\neurogine\assessment\assessment\bin\main started by DELL in D:\workspace\neurogine\assessment\assessment)
2024-07-01 12:49:30.792 DEBUG 33408 --- [main] c.n.assessment.AssessmentApplication     : Running with Spring Boot v2.7.0, Spring v5.3.20
2024-07-01 12:49:30.793  INFO 33408 --- [main] c.n.assessment.AssessmentApplication     : No active profile set, falling back to 1 default profile: "default"
2024-07-01 12:49:32.611  INFO 33408 --- [main] .s.d.r.c.RepositoryConfigurationDelegate : Bootstrapping Spring Data MongoDB repositories in DEFAULT mode.
2024-07-01 12:49:32.845  INFO 33408 --- [main] .s.d.r.c.RepositoryConfigurationDelegate : Finished Spring Data repository scanning in 230 ms. Found 1 MongoDB repository interfaces.
2024-07-01 12:49:33.015  INFO 33408 --- [main] faultConfiguringBeanFactoryPostProcessor : No bean named 'errorChannel' has been explicitly defined. Therefore, a default PublishSubscribeChannel will be created.
2024-07-01 12:49:33.040  INFO 33408 --- [main] faultConfiguringBeanFactoryPostProcessor : No bean named 'integrationHeaderChannelRegistry' has been explicitly defined. Therefore, a default DefaultHeaderChannelRegistry will be created.
2024-07-01 12:49:33.952  WARN 33408 --- [main] ConfigServletWebServerApplicationContext : Exception encountered during context initialization - cancelling refresh attempt: org.springframework.beans.factory.BeanCreationException: Error creating bean with name 'projectingArgumentResolverBeanPostProcessor' defined in class path resource [org/springframework/data/web/config/ProjectingArgumentResolverRegistrar.class]: Initialization of bean failed; nested exception is java.lang.IllegalArgumentException: error at ::0 formal unbound in pointcut 
2024-07-01 12:49:33.977  INFO 33408 --- [main] ConditionEvaluationReportLoggingListener : 

Error starting ApplicationContext. To display the conditions report re-run your application with 'debug' enabled.
2024-07-01 12:49:34.041 ERROR 33408 --- [main] o.s.boot.SpringApplication               : Application run failed

org.springframework.beans.factory.BeanCreationException: Error creating bean with name 'projectingArgumentResolverBeanPostProcessor' defined in class path resource [org/springframework/data/web/config/ProjectingArgumentResolverRegistrar.class]: Initialization of bean failed; nested exception is java.lang.IllegalArgumentException: error at ::0 formal unbound in pointcut 
	at org.springframework.beans.factory.support.AbstractAutowireCapableBeanFactory.doCreateBean(AbstractAutowireCapableBeanFactory.java:628) ~[spring-beans-5.3.20.jar:5.3.20]
	at org.springframework.beans.factory.support.AbstractAutowireCapableBeanFactory.createBean(AbstractAutowireCapableBeanFactory.java:542) ~[spring-beans-5.3.20.jar:5.3.20]
	at org.springframework.beans.factory.support.AbstractBeanFactory.lambda$doGetBean$0(AbstractBeanFactory.java:335) ~[spring-beans-5.3.20.jar:5.3.20]
	at org.springframework.beans.factory.support.DefaultSingletonBeanRegistry.getSingleton(DefaultSingletonBeanRegistry.java:234) ~[spring-beans-5.3.20.jar:5.3.20]
	at org.springframework.beans.factory.support.AbstractBeanFactory.doGetBean(AbstractBeanFactory.java:333) ~[spring-beans-5.3.20.jar:5.3.20]
	at org.springframework.beans.factory.support.AbstractBeanFactory.getBean(AbstractBeanFactory.java:213) ~[spring-beans-5.3.20.jar:5.3.20]
	at org.springframework.context.support.PostProcessorRegistrationDelegate.registerBeanPostProcessors(PostProcessorRegistrationDelegate.java:270) ~[spring-context-5.3.20.jar:5.3.20]
	at org.springframework.context.support.AbstractApplicationContext.registerBeanPostProcessors(AbstractApplicationContext.java:762) ~[spring-context-5.3.20.jar:5.3.20]
	at org.springframework.context.support.AbstractApplicationContext.refresh(AbstractApplicationContext.java:567) ~[spring-context-5.3.20.jar:5.3.20]
	at org.springframework.boot.web.servlet.context.ServletWebServerApplicationContext.refresh(ServletWebServerApplicationContext.java:147) ~[spring-boot-2.7.0.jar:2.7.0]
	at org.springframework.boot.SpringApplication.refresh(SpringApplication.java:734) ~[spring-boot-2.7.0.jar:2.7.0]
	at org.springframework.boot.SpringApplication.refreshContext(SpringApplication.java:408) ~[spring-boot-2.7.0.jar:2.7.0]
	at org.springframework.boot.SpringApplication.run(SpringApplication.java:308) ~[spring-boot-2.7.0.jar:2.7.0]
	at org.springframework.boot.SpringApplication.run(SpringApplication.java:1306) ~[spring-boot-2.7.0.jar:2.7.0]
	at org.springframework.boot.SpringApplication.run(SpringApplication.java:1295) ~[spring-boot-2.7.0.jar:2.7.0]
	at com.neurogine.assessment.AssessmentApplication.main(AssessmentApplication.java:12) ~[main/:na]
Caused by: java.lang.IllegalArgumentException: error at ::0 formal unbound in pointcut 
	at org.aspectj.weaver.tools.PointcutParser.parsePointcutExpression(PointcutParser.java:319) ~[aspectjweaver-1.9.7.jar:na]
	at org.springframework.aop.aspectj.AspectJExpressionPointcut.buildPointcutExpression(AspectJExpressionPointcut.java:227) ~[spring-aop-5.3.20.jar:5.3.20]
	at org.springframework.aop.aspectj.AspectJExpressionPointcut.obtainPointcutExpression(AspectJExpressionPointcut.java:198) ~[spring-aop-5.3.20.jar:5.3.20]
	at org.springframework.aop.aspectj.AspectJExpressionPointcut.getClassFilter(AspectJExpressionPointcut.java:177) ~[spring-aop-5.3.20.jar:5.3.20]
	at org.springframework.aop.support.AopUtils.canApply(AopUtils.java:226) ~[spring-aop-5.3.20.jar:5.3.20]
	at org.springframework.aop.support.AopUtils.canApply(AopUtils.java:289) ~[spring-aop-5.3.20.jar:5.3.20]
	at org.springframework.aop.support.AopUtils.findAdvisorsThatCanApply(AopUtils.java:321) ~[spring-aop-5.3.20.jar:5.3.20]
	at org.springframework.aop.framework.autoproxy.AbstractAdvisorAutoProxyCreator.findAdvisorsThatCanApply(AbstractAdvisorAutoProxyCreator.java:128) ~[spring-aop-5.3.20.jar:5.3.20]
	at org.springframework.aop.framework.autoproxy.AbstractAdvisorAutoProxyCreator.findEligibleAdvisors(AbstractAdvisorAutoProxyCreator.java:97) ~[spring-aop-5.3.20.jar:5.3.20]
	at org.springframework.aop.framework.autoproxy.AbstractAdvisorAutoProxyCreator.getAdvicesAndAdvisorsForBean(AbstractAdvisorAutoProxyCreator.java:78) ~[spring-aop-5.3.20.jar:5.3.20]
	at org.springframework.aop.framework.autoproxy.AbstractAutoProxyCreator.wrapIfNecessary(AbstractAutoProxyCreator.java:341) ~[spring-aop-5.3.20.jar:5.3.20]
	at org.springframework.aop.framework.autoproxy.AbstractAutoProxyCreator.postProcessAfterInitialization(AbstractAutoProxyCreator.java:293) ~[spring-aop-5.3.20.jar:5.3.20]
	at org.springframework.beans.factory.support.AbstractAutowireCapableBeanFactory.applyBeanPostProcessorsAfterInitialization(AbstractAutowireCapableBeanFactory.java:455) ~[spring-beans-5.3.20.jar:5.3.20]
	at org.springframework.beans.factory.support.AbstractAutowireCapableBeanFactory.initializeBean(AbstractAutowireCapableBeanFactory.java:1808) ~[spring-beans-5.3.20.jar:5.3.20]
	at org.springframework.beans.factory.support.AbstractAutowireCapableBeanFactory.doCreateBean(AbstractAutowireCapableBeanFactory.java:620) ~[spring-beans-5.3.20.jar:5.3.20]
	... 15 common frames omitted

2024-07-01 13:00:02.865  INFO 328 --- [main] c.n.assessment.AssessmentApplication     : Starting AssessmentApplication using Java 17.0.10 on san-wai-lwin with PID 328 (D:\workspace\neurogine\assessment\assessment\bin\main started by DELL in D:\workspace\neurogine\assessment\assessment)
2024-07-01 13:00:02.869 DEBUG 328 --- [main] c.n.assessment.AssessmentApplication     : Running with Spring Boot v2.7.0, Spring v5.3.20
2024-07-01 13:00:02.871  INFO 328 --- [main] c.n.assessment.AssessmentApplication     : No active profile set, falling back to 1 default profile: "default"
2024-07-01 13:00:04.825  INFO 328 --- [main] .s.d.r.c.RepositoryConfigurationDelegate : Bootstrapping Spring Data MongoDB repositories in DEFAULT mode.
2024-07-01 13:00:05.005  INFO 328 --- [main] .s.d.r.c.RepositoryConfigurationDelegate : Finished Spring Data repository scanning in 165 ms. Found 1 MongoDB repository interfaces.
2024-07-01 13:00:05.145  INFO 328 --- [main] faultConfiguringBeanFactoryPostProcessor : No bean named 'errorChannel' has been explicitly defined. Therefore, a default PublishSubscribeChannel will be created.
2024-07-01 13:00:05.168  INFO 328 --- [main] faultConfiguringBeanFactoryPostProcessor : No bean named 'integrationHeaderChannelRegistry' has been explicitly defined. Therefore, a default DefaultHeaderChannelRegistry will be created.
2024-07-01 13:00:05.874  INFO 328 --- [main] trationDelegate$BeanPostProcessorChecker : Bean 'org.springframework.integration.config.IntegrationManagementConfiguration' of type [org.springframework.integration.config.IntegrationManagementConfiguration] is not eligible for getting processed by all BeanPostProcessors (for example: not eligible for auto-proxying)
2024-07-01 13:00:05.934  INFO 328 --- [main] trationDelegate$BeanPostProcessorChecker : Bean 'integrationChannelResolver' of type [org.springframework.integration.support.channel.BeanFactoryChannelResolver] is not eligible for getting processed by all BeanPostProcessors (for example: not eligible for auto-proxying)
2024-07-01 13:00:07.018  INFO 328 --- [main] o.s.b.w.embedded.tomcat.TomcatWebServer  : Tomcat initialized with port(s): 8080 (http)
2024-07-01 13:00:07.046  INFO 328 --- [main] o.apache.catalina.core.StandardService   : Starting service [Tomcat]
2024-07-01 13:00:07.047  INFO 328 --- [main] org.apache.catalina.core.StandardEngine  : Starting Servlet engine: [Apache Tomcat/9.0.63]
2024-07-01 13:00:07.316  INFO 328 --- [main] o.a.c.c.C.[Tomcat].[localhost].[/]       : Initializing Spring embedded WebApplicationContext
2024-07-01 13:00:07.318  INFO 328 --- [main] w.s.c.ServletWebServerApplicationContext : Root WebApplicationContext: initialization completed in 4336 ms
2024-07-01 13:00:08.028  INFO 328 --- [main] org.mongodb.driver.client                : MongoClient with metadata {"driver": {"name": "mongo-java-driver|sync|spring-boot", "version": "4.6.0"}, "os": {"type": "Windows", "name": "Windows 11", "architecture": "amd64", "version": "10.0"}, "platform": "Java/Eclipse Adoptium/17.0.10+7"} created with settings MongoClientSettings{readPreference=primary, writeConcern=WriteConcern{w=null, wTimeout=null ms, journal=null}, retryWrites=true, retryReads=true, readConcern=ReadConcern{level=null}, credential=null, streamFactoryFactory=null, commandListeners=[], codecRegistry=ProvidersCodecRegistry{codecProviders=[ValueCodecProvider{}, BsonValueCodecProvider{}, DBRefCodecProvider{}, DBObjectCodecProvider{}, DocumentCodecProvider{}, IterableCodecProvider{}, MapCodecProvider{}, GeoJsonCodecProvider{}, GridFSFileCodecProvider{}, Jsr310CodecProvider{}, JsonObjectCodecProvider{}, BsonCodecProvider{}, EnumCodecProvider{}, com.mongodb.Jep395RecordCodecProvider@7abeabe9]}, clusterSettings={hosts=[localhost:27017], srvServiceName=mongodb, mode=SINGLE, requiredClusterType=UNKNOWN, requiredReplicaSetName='null', serverSelector='null', clusterListeners='[]', serverSelectionTimeout='30000 ms', localThreshold='30000 ms'}, socketSettings=SocketSettings{connectTimeoutMS=10000, readTimeoutMS=0, receiveBufferSize=0, sendBufferSize=0}, heartbeatSocketSettings=SocketSettings{connectTimeoutMS=10000, readTimeoutMS=10000, receiveBufferSize=0, sendBufferSize=0}, connectionPoolSettings=ConnectionPoolSettings{maxSize=100, minSize=0, maxWaitTimeMS=120000, maxConnectionLifeTimeMS=0, maxConnectionIdleTimeMS=0, maintenanceInitialDelayMS=0, maintenanceFrequencyMS=60000, connectionPoolListeners=[], maxConnecting=2}, serverSettings=ServerSettings{heartbeatFrequencyMS=10000, minHeartbeatFrequencyMS=500, serverListeners='[]', serverMonitorListeners='[]'}, sslSettings=SslSettings{enabled=false, invalidHostNameAllowed=false, context=null}, applicationName='null', compressorList=[], uuidRepresentation=JAVA_LEGACY, serverApi=null, autoEncryptionSettings=null, contextProvider=null}
2024-07-01 13:00:08.073  INFO 328 --- [cluster-rtt-ClusterId{value='668245e7e9638052f4149da2', description='null'}-localhost:27017] org.mongodb.driver.connection            : Opened connection [connectionId{localValue:2, serverValue:237}] to localhost:27017
2024-07-01 13:00:08.077  INFO 328 --- [cluster-ClusterId{value='668245e7e9638052f4149da2', description='null'}-localhost:27017] org.mongodb.driver.connection            : Opened connection [connectionId{localValue:1, serverValue:236}] to localhost:27017
2024-07-01 13:00:08.078  INFO 328 --- [cluster-ClusterId{value='668245e7e9638052f4149da2', description='null'}-localhost:27017] org.mongodb.driver.cluster               : Monitor thread successfully connected to server with description ServerDescription{address=localhost:27017, type=STANDALONE, state=CONNECTED, ok=true, minWireVersion=0, maxWireVersion=21, maxDocumentSize=16777216, logicalSessionTimeoutMinutes=30, roundTripTimeNanos=62370200}
2024-07-01 13:00:11.736  INFO 328 --- [main] o.s.i.endpoint.EventDrivenConsumer       : Adding {logging-channel-adapter:_org.springframework.integration.errorLogger} as a subscriber to the 'errorChannel' channel
2024-07-01 13:00:11.737  INFO 328 --- [main] o.s.i.channel.PublishSubscribeChannel    : Channel 'assessment .errorChannel' has 1 subscriber(s).
2024-07-01 13:00:11.739  INFO 328 --- [main] o.s.i.endpoint.EventDrivenConsumer       : started bean '_org.springframework.integration.errorLogger'
2024-07-01 13:00:11.739  INFO 328 --- [main] o.s.i.endpoint.EventDrivenConsumer       : Adding {service-activator} as a subscriber to the 'createStoreChannel' channel
2024-07-01 13:00:11.739  INFO 328 --- [main] o.s.integration.channel.DirectChannel    : Channel 'assessment .createStoreChannel' has 1 subscriber(s).
2024-07-01 13:00:11.739  INFO 328 --- [main] o.s.i.endpoint.EventDrivenConsumer       : started bean 'createStoreFlow.org.springframework.integration.config.ConsumerEndpointFactoryBean#0'; defined in: 'class path resource [com/neurogine/assessment/config/IntegrationConfig.class]'; from source: 'bean method createStoreFlow'
2024-07-01 13:00:11.740  INFO 328 --- [main] o.s.i.endpoint.EventDrivenConsumer       : Adding {service-activator} as a subscriber to the 'updateStoreChannel' channel
2024-07-01 13:00:11.740  INFO 328 --- [main] o.s.integration.channel.DirectChannel    : Channel 'assessment .updateStoreChannel' has 1 subscriber(s).
2024-07-01 13:00:11.740  INFO 328 --- [main] o.s.i.endpoint.EventDrivenConsumer       : started bean 'updateStoreFlow.org.springframework.integration.config.ConsumerEndpointFactoryBean#0'; defined in: 'class path resource [com/neurogine/assessment/config/IntegrationConfig.class]'; from source: 'bean method updateStoreFlow'
2024-07-01 13:00:11.740  INFO 328 --- [main] o.s.i.endpoint.EventDrivenConsumer       : Adding {service-activator} as a subscriber to the 'deleteStoreChannel' channel
2024-07-01 13:00:11.740  INFO 328 --- [main] o.s.integration.channel.DirectChannel    : Channel 'assessment .deleteStoreChannel' has 1 subscriber(s).
2024-07-01 13:00:11.740  INFO 328 --- [main] o.s.i.endpoint.EventDrivenConsumer       : started bean 'deleteStoreFlow.org.springframework.integration.config.ConsumerEndpointFactoryBean#0'; defined in: 'class path resource [com/neurogine/assessment/config/IntegrationConfig.class]'; from source: 'bean method deleteStoreFlow'
2024-07-01 13:00:11.742  INFO 328 --- [main] ProxyFactoryBean$MethodInvocationGateway : started bean 'integrationConfig$CreateStoreGateway#createStore(CreateStoreRequest)'
2024-07-01 13:00:11.742  INFO 328 --- [main] o.s.i.gateway.GatewayProxyFactoryBean    : started bean 'integrationConfig$CreateStoreGateway'
2024-07-01 13:00:11.742  INFO 328 --- [main] ProxyFactoryBean$MethodInvocationGateway : started bean 'integrationConfig$DeleteStoreGateway#deleteStore(DeleteStoreRequest)'
2024-07-01 13:00:11.742  INFO 328 --- [main] o.s.i.gateway.GatewayProxyFactoryBean    : started bean 'integrationConfig$DeleteStoreGateway'
2024-07-01 13:00:11.743  INFO 328 --- [main] ProxyFactoryBean$MethodInvocationGateway : started bean 'integrationConfig$UpdateStoreGateway#updateStore(UpdateStoreRequest)'
2024-07-01 13:00:11.743  INFO 328 --- [main] o.s.i.gateway.GatewayProxyFactoryBean    : started bean 'integrationConfig$UpdateStoreGateway'
2024-07-01 13:00:11.743  INFO 328 --- [main] ProxyFactoryBean$MethodInvocationGateway : started bean 'storeGateway#getStoreList(StoreListRequest)'
2024-07-01 13:00:11.743  INFO 328 --- [main] o.s.i.gateway.GatewayProxyFactoryBean    : started bean 'storeGateway'
2024-07-01 13:00:11.759  WARN 328 --- [main] ConfigServletWebServerApplicationContext : Exception encountered during context initialization - cancelling refresh attempt: org.springframework.context.ApplicationContextException: Failed to start bean 'webServerStartStop'; nested exception is org.springframework.boot.web.server.PortInUseException: Port 8080 is already in use
2024-07-01 13:00:11.761  INFO 328 --- [main] o.s.i.endpoint.EventDrivenConsumer       : Removing {logging-channel-adapter:_org.springframework.integration.errorLogger} as a subscriber to the 'errorChannel' channel
2024-07-01 13:00:11.762  INFO 328 --- [main] o.s.i.channel.PublishSubscribeChannel    : Channel 'assessment .errorChannel' has 0 subscriber(s).
2024-07-01 13:00:11.766  INFO 328 --- [main] o.s.i.endpoint.EventDrivenConsumer       : stopped bean '_org.springframework.integration.errorLogger'
2024-07-01 13:00:11.768  INFO 328 --- [main] ProxyFactoryBean$MethodInvocationGateway : stopped bean 'storeGateway#getStoreList(StoreListRequest)'
2024-07-01 13:00:11.768  INFO 328 --- [main] o.s.i.gateway.GatewayProxyFactoryBean    : stopped bean 'storeGateway'
2024-07-01 13:00:11.770  INFO 328 --- [main] o.s.i.endpoint.EventDrivenConsumer       : Removing {service-activator} as a subscriber to the 'deleteStoreChannel' channel
2024-07-01 13:00:11.770  INFO 328 --- [main] o.s.integration.channel.DirectChannel    : Channel 'assessment .deleteStoreChannel' has 0 subscriber(s).
2024-07-01 13:00:11.770  INFO 328 --- [main] o.s.i.endpoint.EventDrivenConsumer       : stopped bean 'deleteStoreFlow.org.springframework.integration.config.ConsumerEndpointFactoryBean#0'; defined in: 'class path resource [com/neurogine/assessment/config/IntegrationConfig.class]'; from source: 'bean method deleteStoreFlow'
2024-07-01 13:00:11.770  INFO 328 --- [main] o.s.i.endpoint.EventDrivenConsumer       : Removing {service-activator} as a subscriber to the 'updateStoreChannel' channel
2024-07-01 13:00:11.770  INFO 328 --- [main] o.s.integration.channel.DirectChannel    : Channel 'assessment .updateStoreChannel' has 0 subscriber(s).
2024-07-01 13:00:11.771  INFO 328 --- [main] o.s.i.endpoint.EventDrivenConsumer       : stopped bean 'updateStoreFlow.org.springframework.integration.config.ConsumerEndpointFactoryBean#0'; defined in: 'class path resource [com/neurogine/assessment/config/IntegrationConfig.class]'; from source: 'bean method updateStoreFlow'
2024-07-01 13:00:11.771  INFO 328 --- [main] o.s.i.endpoint.EventDrivenConsumer       : Removing {service-activator} as a subscriber to the 'createStoreChannel' channel
2024-07-01 13:00:11.771  INFO 328 --- [main] o.s.integration.channel.DirectChannel    : Channel 'assessment .createStoreChannel' has 0 subscriber(s).
2024-07-01 13:00:11.771  INFO 328 --- [main] o.s.i.endpoint.EventDrivenConsumer       : stopped bean 'createStoreFlow.org.springframework.integration.config.ConsumerEndpointFactoryBean#0'; defined in: 'class path resource [com/neurogine/assessment/config/IntegrationConfig.class]'; from source: 'bean method createStoreFlow'
2024-07-01 13:00:11.772  INFO 328 --- [main] ProxyFactoryBean$MethodInvocationGateway : stopped bean 'integrationConfig$DeleteStoreGateway#deleteStore(DeleteStoreRequest)'
2024-07-01 13:00:11.773  INFO 328 --- [main] o.s.i.gateway.GatewayProxyFactoryBean    : stopped bean 'integrationConfig$DeleteStoreGateway'
2024-07-01 13:00:11.773  INFO 328 --- [main] ProxyFactoryBean$MethodInvocationGateway : stopped bean 'integrationConfig$UpdateStoreGateway#updateStore(UpdateStoreRequest)'
2024-07-01 13:00:11.773  INFO 328 --- [main] o.s.i.gateway.GatewayProxyFactoryBean    : stopped bean 'integrationConfig$UpdateStoreGateway'
2024-07-01 13:00:11.773  INFO 328 --- [main] ProxyFactoryBean$MethodInvocationGateway : stopped bean 'integrationConfig$CreateStoreGateway#createStore(CreateStoreRequest)'
2024-07-01 13:00:11.773  INFO 328 --- [main] o.s.i.gateway.GatewayProxyFactoryBean    : stopped bean 'integrationConfig$CreateStoreGateway'
2024-07-01 13:00:11.784  INFO 328 --- [main] o.apache.catalina.core.StandardService   : Stopping service [Tomcat]
2024-07-01 13:00:11.812  INFO 328 --- [main] ConditionEvaluationReportLoggingListener : 

Error starting ApplicationContext. To display the conditions report re-run your application with 'debug' enabled.
2024-07-01 13:00:11.849 ERROR 328 --- [main] o.s.b.d.LoggingFailureAnalysisReporter   : 

***************************
APPLICATION FAILED TO START
***************************

Description:

Web server failed to start. Port 8080 was already in use.

Action:

Identify and stop the process that's listening on port 8080 or configure this application to listen on another port.

2024-07-01 13:02:01.066  INFO 1288 --- [main] c.n.assessment.AssessmentApplication     : Starting AssessmentApplication using Java 17.0.10 on san-wai-lwin with PID 1288 (D:\workspace\neurogine\assessment\assessment\bin\main started by DELL in D:\workspace\neurogine\assessment\assessment)
2024-07-01 13:02:01.068 DEBUG 1288 --- [main] c.n.assessment.AssessmentApplication     : Running with Spring Boot v2.7.0, Spring v5.3.20
2024-07-01 13:02:01.068  INFO 1288 --- [main] c.n.assessment.AssessmentApplication     : No active profile set, falling back to 1 default profile: "default"
2024-07-01 13:02:01.768  INFO 1288 --- [main] .s.d.r.c.RepositoryConfigurationDelegate : Bootstrapping Spring Data MongoDB repositories in DEFAULT mode.
2024-07-01 13:02:01.850  INFO 1288 --- [main] .s.d.r.c.RepositoryConfigurationDelegate : Finished Spring Data repository scanning in 77 ms. Found 1 MongoDB repository interfaces.
2024-07-01 13:02:01.911  INFO 1288 --- [main] faultConfiguringBeanFactoryPostProcessor : No bean named 'errorChannel' has been explicitly defined. Therefore, a default PublishSubscribeChannel will be created.
2024-07-01 13:02:01.920  INFO 1288 --- [main] faultConfiguringBeanFactoryPostProcessor : No bean named 'integrationHeaderChannelRegistry' has been explicitly defined. Therefore, a default DefaultHeaderChannelRegistry will be created.
2024-07-01 13:02:02.207  INFO 1288 --- [main] trationDelegate$BeanPostProcessorChecker : Bean 'org.springframework.integration.config.IntegrationManagementConfiguration' of type [org.springframework.integration.config.IntegrationManagementConfiguration] is not eligible for getting processed by all BeanPostProcessors (for example: not eligible for auto-proxying)
2024-07-01 13:02:02.233  INFO 1288 --- [main] trationDelegate$BeanPostProcessorChecker : Bean 'integrationChannelResolver' of type [org.springframework.integration.support.channel.BeanFactoryChannelResolver] is not eligible for getting processed by all BeanPostProcessors (for example: not eligible for auto-proxying)
2024-07-01 13:02:02.661  INFO 1288 --- [main] o.s.b.w.embedded.tomcat.TomcatWebServer  : Tomcat initialized with port(s): 8080 (http)
2024-07-01 13:02:02.676  INFO 1288 --- [main] o.apache.catalina.core.StandardService   : Starting service [Tomcat]
2024-07-01 13:02:02.678  INFO 1288 --- [main] org.apache.catalina.core.StandardEngine  : Starting Servlet engine: [Apache Tomcat/9.0.63]
2024-07-01 13:02:02.803  INFO 1288 --- [main] o.a.c.c.C.[Tomcat].[localhost].[/]       : Initializing Spring embedded WebApplicationContext
2024-07-01 13:02:02.804  INFO 1288 --- [main] w.s.c.ServletWebServerApplicationContext : Root WebApplicationContext: initialization completed in 1704 ms
2024-07-01 13:02:03.144  INFO 1288 --- [main] org.mongodb.driver.client                : MongoClient with metadata {"driver": {"name": "mongo-java-driver|sync|spring-boot", "version": "4.6.0"}, "os": {"type": "Windows", "name": "Windows 11", "architecture": "amd64", "version": "10.0"}, "platform": "Java/Eclipse Adoptium/17.0.10+7"} created with settings MongoClientSettings{readPreference=primary, writeConcern=WriteConcern{w=null, wTimeout=null ms, journal=null}, retryWrites=true, retryReads=true, readConcern=ReadConcern{level=null}, credential=null, streamFactoryFactory=null, commandListeners=[], codecRegistry=ProvidersCodecRegistry{codecProviders=[ValueCodecProvider{}, BsonValueCodecProvider{}, DBRefCodecProvider{}, DBObjectCodecProvider{}, DocumentCodecProvider{}, IterableCodecProvider{}, MapCodecProvider{}, GeoJsonCodecProvider{}, GridFSFileCodecProvider{}, Jsr310CodecProvider{}, JsonObjectCodecProvider{}, BsonCodecProvider{}, EnumCodecProvider{}, com.mongodb.Jep395RecordCodecProvider@5a4dda2]}, clusterSettings={hosts=[localhost:27017], srvServiceName=mongodb, mode=SINGLE, requiredClusterType=UNKNOWN, requiredReplicaSetName='null', serverSelector='null', clusterListeners='[]', serverSelectionTimeout='30000 ms', localThreshold='30000 ms'}, socketSettings=SocketSettings{connectTimeoutMS=10000, readTimeoutMS=0, receiveBufferSize=0, sendBufferSize=0}, heartbeatSocketSettings=SocketSettings{connectTimeoutMS=10000, readTimeoutMS=10000, receiveBufferSize=0, sendBufferSize=0}, connectionPoolSettings=ConnectionPoolSettings{maxSize=100, minSize=0, maxWaitTimeMS=120000, maxConnectionLifeTimeMS=0, maxConnectionIdleTimeMS=0, maintenanceInitialDelayMS=0, maintenanceFrequencyMS=60000, connectionPoolListeners=[], maxConnecting=2}, serverSettings=ServerSettings{heartbeatFrequencyMS=10000, minHeartbeatFrequencyMS=500, serverListeners='[]', serverMonitorListeners='[]'}, sslSettings=SslSettings{enabled=false, invalidHostNameAllowed=false, context=null}, applicationName='null', compressorList=[], uuidRepresentation=JAVA_LEGACY, serverApi=null, autoEncryptionSettings=null, contextProvider=null}
2024-07-01 13:02:03.168  INFO 1288 --- [cluster-rtt-ClusterId{value='6682465b33ea5a5a4316852c', description='null'}-localhost:27017] org.mongodb.driver.connection            : Opened connection [connectionId{localValue:2, serverValue:238}] to localhost:27017
2024-07-01 13:02:03.168  INFO 1288 --- [cluster-ClusterId{value='6682465b33ea5a5a4316852c', description='null'}-localhost:27017] org.mongodb.driver.connection            : Opened connection [connectionId{localValue:1, serverValue:239}] to localhost:27017
2024-07-01 13:02:03.169  INFO 1288 --- [cluster-ClusterId{value='6682465b33ea5a5a4316852c', description='null'}-localhost:27017] org.mongodb.driver.cluster               : Monitor thread successfully connected to server with description ServerDescription{address=localhost:27017, type=STANDALONE, state=CONNECTED, ok=true, minWireVersion=0, maxWireVersion=21, maxDocumentSize=16777216, logicalSessionTimeoutMinutes=30, roundTripTimeNanos=34019201}
2024-07-01 13:02:05.155  INFO 1288 --- [main] o.s.i.endpoint.EventDrivenConsumer       : Adding {logging-channel-adapter:_org.springframework.integration.errorLogger} as a subscriber to the 'errorChannel' channel
2024-07-01 13:02:05.156  INFO 1288 --- [main] o.s.i.channel.PublishSubscribeChannel    : Channel 'assessment .errorChannel' has 1 subscriber(s).
2024-07-01 13:02:05.156  INFO 1288 --- [main] o.s.i.endpoint.EventDrivenConsumer       : started bean '_org.springframework.integration.errorLogger'
2024-07-01 13:02:05.156  INFO 1288 --- [main] o.s.i.endpoint.EventDrivenConsumer       : Adding {service-activator} as a subscriber to the 'createStoreChannel' channel
2024-07-01 13:02:05.157  INFO 1288 --- [main] o.s.integration.channel.DirectChannel    : Channel 'assessment .createStoreChannel' has 1 subscriber(s).
2024-07-01 13:02:05.157  INFO 1288 --- [main] o.s.i.endpoint.EventDrivenConsumer       : started bean 'createStoreFlow.org.springframework.integration.config.ConsumerEndpointFactoryBean#0'; defined in: 'class path resource [com/neurogine/assessment/config/IntegrationConfig.class]'; from source: 'bean method createStoreFlow'
2024-07-01 13:02:05.157  INFO 1288 --- [main] o.s.i.endpoint.EventDrivenConsumer       : Adding {service-activator} as a subscriber to the 'updateStoreChannel' channel
2024-07-01 13:02:05.157  INFO 1288 --- [main] o.s.integration.channel.DirectChannel    : Channel 'assessment .updateStoreChannel' has 1 subscriber(s).
2024-07-01 13:02:05.157  INFO 1288 --- [main] o.s.i.endpoint.EventDrivenConsumer       : started bean 'updateStoreFlow.org.springframework.integration.config.ConsumerEndpointFactoryBean#0'; defined in: 'class path resource [com/neurogine/assessment/config/IntegrationConfig.class]'; from source: 'bean method updateStoreFlow'
2024-07-01 13:02:05.157  INFO 1288 --- [main] o.s.i.endpoint.EventDrivenConsumer       : Adding {service-activator} as a subscriber to the 'deleteStoreChannel' channel
2024-07-01 13:02:05.157  INFO 1288 --- [main] o.s.integration.channel.DirectChannel    : Channel 'assessment .deleteStoreChannel' has 1 subscriber(s).
2024-07-01 13:02:05.157  INFO 1288 --- [main] o.s.i.endpoint.EventDrivenConsumer       : started bean 'deleteStoreFlow.org.springframework.integration.config.ConsumerEndpointFactoryBean#0'; defined in: 'class path resource [com/neurogine/assessment/config/IntegrationConfig.class]'; from source: 'bean method deleteStoreFlow'
2024-07-01 13:02:05.157  INFO 1288 --- [main] ProxyFactoryBean$MethodInvocationGateway : started bean 'integrationConfig$CreateStoreGateway#createStore(CreateStoreRequest)'
2024-07-01 13:02:05.157  INFO 1288 --- [main] o.s.i.gateway.GatewayProxyFactoryBean    : started bean 'integrationConfig$CreateStoreGateway'
2024-07-01 13:02:05.158  INFO 1288 --- [main] ProxyFactoryBean$MethodInvocationGateway : started bean 'integrationConfig$DeleteStoreGateway#deleteStore(DeleteStoreRequest)'
2024-07-01 13:02:05.158  INFO 1288 --- [main] o.s.i.gateway.GatewayProxyFactoryBean    : started bean 'integrationConfig$DeleteStoreGateway'
2024-07-01 13:02:05.158  INFO 1288 --- [main] ProxyFactoryBean$MethodInvocationGateway : started bean 'integrationConfig$UpdateStoreGateway#updateStore(UpdateStoreRequest)'
2024-07-01 13:02:05.158  INFO 1288 --- [main] o.s.i.gateway.GatewayProxyFactoryBean    : started bean 'integrationConfig$UpdateStoreGateway'
2024-07-01 13:02:05.158  INFO 1288 --- [main] ProxyFactoryBean$MethodInvocationGateway : started bean 'storeGateway#getStoreList(StoreListRequest)'
2024-07-01 13:02:05.159  INFO 1288 --- [main] o.s.i.gateway.GatewayProxyFactoryBean    : started bean 'storeGateway'
2024-07-01 13:02:05.185  INFO 1288 --- [main] o.s.b.w.embedded.tomcat.TomcatWebServer  : Tomcat started on port(s): 8080 (http) with context path ''
2024-07-01 13:02:05.197  INFO 1288 --- [main] c.n.assessment.AssessmentApplication     : Started AssessmentApplication in 4.484 seconds (JVM running for 4.829)
